2021-03-15 14:34:28,454:INFO: Initializing train dataset
2021-03-15 14:34:34,491:INFO: Initializing val dataset
2021-03-23 09:19:28,887:INFO: Initializing train dataset
2021-03-23 09:19:31,950:INFO: Initializing val dataset
2021-03-25 13:18:54,635:INFO: Initializing train dataset
2021-03-25 13:19:00,405:INFO: Initializing val dataset
2021-03-25 13:19:08,077:INFO: Epoch: [0][ 0/33]	Loss 16.100201 (16.100201)
2021-03-25 13:19:08,295:INFO: Epoch: [0][10/33]	Loss 7.083632 (7.616940)
2021-03-25 13:19:08,529:INFO: Epoch: [0][20/33]	Loss 2.829256 (4.570406)
2021-03-25 13:19:08,763:INFO: Epoch: [0][30/33]	Loss 3.561653 (3.100152)
2021-03-25 13:19:12,334:INFO: Epoch: [1][ 0/33]	Loss 3.312483 (3.312483)
2021-03-25 13:19:12,553:INFO: Epoch: [1][10/33]	Loss 1.782540 (2.286602)
2021-03-25 13:19:12,787:INFO: Epoch: [1][20/33]	Loss 0.847081 (1.391889)
2021-03-25 13:19:13,021:INFO: Epoch: [1][30/33]	Loss 1.265034 (1.032633)
2021-03-25 13:19:16,592:INFO: Epoch: [2][ 0/33]	Loss 1.199270 (1.199270)
2021-03-25 13:19:16,810:INFO: Epoch: [2][10/33]	Loss 0.633799 (0.845751)
2021-03-25 13:19:17,045:INFO: Epoch: [2][20/33]	Loss 0.431246 (0.589664)
2021-03-25 13:19:17,280:INFO: Epoch: [2][30/33]	Loss 0.486424 (0.470015)
2021-03-25 13:19:20,836:INFO: Epoch: [3][ 0/33]	Loss 0.625495 (0.625495)
2021-03-25 13:19:21,070:INFO: Epoch: [3][10/33]	Loss 0.377817 (0.435576)
2021-03-25 13:19:21,288:INFO: Epoch: [3][20/33]	Loss 0.268975 (0.330516)
2021-03-25 13:19:21,522:INFO: Epoch: [3][30/33]	Loss 0.302700 (0.280947)
2021-03-25 13:19:25,093:INFO: Epoch: [4][ 0/33]	Loss 0.364747 (0.364747)
2021-03-25 13:19:25,311:INFO: Epoch: [4][10/33]	Loss 0.230663 (0.267225)
2021-03-25 13:19:25,545:INFO: Epoch: [4][20/33]	Loss 0.196201 (0.226490)
2021-03-25 13:19:25,779:INFO: Epoch: [4][30/33]	Loss 0.225594 (0.199682)
2021-03-25 13:19:29,335:INFO: Epoch: [5][ 0/33]	Loss 0.247602 (0.247602)
2021-03-25 13:19:29,553:INFO: Epoch: [5][10/33]	Loss 0.188450 (0.195492)
2021-03-25 13:19:29,787:INFO: Epoch: [5][20/33]	Loss 0.148667 (0.167348)
2021-03-25 13:19:30,021:INFO: Epoch: [5][30/33]	Loss 0.160464 (0.150269)
2021-03-25 13:19:33,561:INFO: Epoch: [6][ 0/33]	Loss 0.205249 (0.205249)
2021-03-25 13:19:33,779:INFO: Epoch: [6][10/33]	Loss 0.132486 (0.151146)
2021-03-25 13:19:34,013:INFO: Epoch: [6][20/33]	Loss 0.114718 (0.130723)
2021-03-25 13:19:34,247:INFO: Epoch: [6][30/33]	Loss 0.137749 (0.119964)
2021-03-25 13:19:37,787:INFO: Epoch: [7][ 0/33]	Loss 0.195005 (0.195005)
2021-03-25 13:19:38,021:INFO: Epoch: [7][10/33]	Loss 0.104219 (0.125398)
2021-03-25 13:19:38,239:INFO: Epoch: [7][20/33]	Loss 0.096066 (0.113446)
2021-03-25 13:19:38,473:INFO: Epoch: [7][30/33]	Loss 0.114489 (0.102848)
2021-03-25 13:19:42,044:INFO: Epoch: [8][ 0/33]	Loss 0.165034 (0.165034)
2021-03-25 13:19:42,263:INFO: Epoch: [8][10/33]	Loss 0.100124 (0.108755)
2021-03-25 13:19:42,497:INFO: Epoch: [8][20/33]	Loss 0.079415 (0.095155)
2021-03-25 13:19:42,731:INFO: Epoch: [8][30/33]	Loss 0.096767 (0.085823)
2021-03-25 13:19:46,286:INFO: Epoch: [9][ 0/33]	Loss 0.151339 (0.151339)
2021-03-25 13:19:46,504:INFO: Epoch: [9][10/33]	Loss 0.074797 (0.094605)
2021-03-25 13:19:46,738:INFO: Epoch: [9][20/33]	Loss 0.069927 (0.083895)
2021-03-25 13:19:46,972:INFO: Epoch: [9][30/33]	Loss 0.086420 (0.074879)
2021-03-25 13:19:50,528:INFO: Epoch: [10][ 0/33]	Loss 0.123785 (0.123785)
2021-03-25 13:19:50,746:INFO: Epoch: [10][10/33]	Loss 0.070396 (0.081385)
2021-03-25 13:19:50,980:INFO: Epoch: [10][20/33]	Loss 0.061572 (0.074306)
2021-03-25 13:19:51,214:INFO: Epoch: [10][30/33]	Loss 0.080984 (0.065577)
2021-03-25 13:19:54,754:INFO: Epoch: [11][ 0/33]	Loss 0.125031 (0.125031)
2021-03-25 13:19:54,988:INFO: Epoch: [11][10/33]	Loss 0.069503 (0.076889)
2021-03-25 13:19:55,206:INFO: Epoch: [11][20/33]	Loss 0.054309 (0.068712)
2021-03-25 13:19:55,456:INFO: Epoch: [11][30/33]	Loss 0.071589 (0.059813)
2021-03-25 13:19:59,011:INFO: Epoch: [12][ 0/33]	Loss 0.102976 (0.102976)
2021-03-25 13:19:59,230:INFO: Epoch: [12][10/33]	Loss 0.054901 (0.067194)
2021-03-25 13:19:59,464:INFO: Epoch: [12][20/33]	Loss 0.048561 (0.061073)
2021-03-25 13:19:59,698:INFO: Epoch: [12][30/33]	Loss 0.064899 (0.053148)
2021-03-25 13:20:03,270:INFO: Epoch: [13][ 0/33]	Loss 0.098140 (0.098140)
2021-03-25 13:20:03,504:INFO: Epoch: [13][10/33]	Loss 0.057899 (0.062840)
2021-03-25 13:20:03,722:INFO: Epoch: [13][20/33]	Loss 0.044502 (0.056578)
2021-03-25 13:20:03,956:INFO: Epoch: [13][30/33]	Loss 0.062388 (0.048182)
2021-03-25 13:20:07,511:INFO: Epoch: [14][ 0/33]	Loss 0.094363 (0.094363)
2021-03-25 13:20:07,745:INFO: Epoch: [14][10/33]	Loss 0.055551 (0.061246)
2021-03-25 13:20:07,964:INFO: Epoch: [14][20/33]	Loss 0.041441 (0.054010)
2021-03-25 13:20:08,198:INFO: Epoch: [14][30/33]	Loss 0.055804 (0.045366)
2021-03-25 13:20:11,753:INFO: Epoch: [15][ 0/33]	Loss 0.088105 (0.088105)
2021-03-25 13:20:11,987:INFO: Epoch: [15][10/33]	Loss 0.051757 (0.058064)
2021-03-25 13:20:12,221:INFO: Epoch: [15][20/33]	Loss 0.036191 (0.050753)
2021-03-25 13:20:12,455:INFO: Epoch: [15][30/33]	Loss 0.052355 (0.042505)
2021-03-25 13:20:15,995:INFO: Epoch: [16][ 0/33]	Loss 0.081090 (0.081090)
2021-03-25 13:20:16,229:INFO: Epoch: [16][10/33]	Loss 0.051532 (0.053110)
2021-03-25 13:20:16,447:INFO: Epoch: [16][20/33]	Loss 0.031755 (0.045796)
2021-03-25 13:20:16,681:INFO: Epoch: [16][30/33]	Loss 0.048321 (0.038718)
2021-03-25 13:20:20,238:INFO: Epoch: [17][ 0/33]	Loss 0.075401 (0.075401)
2021-03-25 13:20:20,472:INFO: Epoch: [17][10/33]	Loss 0.045349 (0.049132)
2021-03-25 13:20:20,690:INFO: Epoch: [17][20/33]	Loss 0.029474 (0.042457)
2021-03-25 13:20:20,924:INFO: Epoch: [17][30/33]	Loss 0.047994 (0.035453)
2021-03-25 13:20:24,480:INFO: Epoch: [18][ 0/33]	Loss 0.078821 (0.078821)
2021-03-25 13:20:24,714:INFO: Epoch: [18][10/33]	Loss 0.040929 (0.044746)
2021-03-25 13:20:24,932:INFO: Epoch: [18][20/33]	Loss 0.027014 (0.038384)
2021-03-25 13:20:25,166:INFO: Epoch: [18][30/33]	Loss 0.044299 (0.033145)
2021-03-25 13:20:28,721:INFO: Epoch: [19][ 0/33]	Loss 0.082979 (0.082979)
2021-03-25 13:20:28,955:INFO: Epoch: [19][10/33]	Loss 0.040830 (0.044137)
2021-03-25 13:20:29,189:INFO: Epoch: [19][20/33]	Loss 0.024302 (0.036504)
2021-03-25 13:20:29,423:INFO: Epoch: [19][30/33]	Loss 0.042798 (0.031398)
2021-03-25 13:20:32,963:INFO: Epoch: [20][ 0/33]	Loss 0.074817 (0.074817)
2021-03-25 13:20:33,181:INFO: Epoch: [20][10/33]	Loss 0.039810 (0.041161)
2021-03-25 13:20:33,415:INFO: Epoch: [20][20/33]	Loss 0.024483 (0.034687)
2021-03-25 13:20:33,649:INFO: Epoch: [20][30/33]	Loss 0.038053 (0.029910)
2021-03-25 13:20:37,205:INFO: Epoch: [21][ 0/33]	Loss 0.068859 (0.068859)
2021-03-25 13:20:37,439:INFO: Epoch: [21][10/33]	Loss 0.037018 (0.039459)
2021-03-25 13:20:37,657:INFO: Epoch: [21][20/33]	Loss 0.021316 (0.032547)
2021-03-25 13:20:37,891:INFO: Epoch: [21][30/33]	Loss 0.033856 (0.028142)
2021-03-25 13:20:41,447:INFO: Epoch: [22][ 0/33]	Loss 0.068435 (0.068435)
2021-03-25 13:20:41,665:INFO: Epoch: [22][10/33]	Loss 0.035472 (0.035847)
2021-03-25 13:20:41,899:INFO: Epoch: [22][20/33]	Loss 0.020668 (0.029743)
2021-03-25 13:20:42,133:INFO: Epoch: [22][30/33]	Loss 0.033322 (0.026079)
2021-03-25 13:20:45,688:INFO: Epoch: [23][ 0/33]	Loss 0.067331 (0.067331)
2021-03-25 13:20:45,907:INFO: Epoch: [23][10/33]	Loss 0.032314 (0.034641)
2021-03-25 13:20:46,141:INFO: Epoch: [23][20/33]	Loss 0.019643 (0.028948)
2021-03-25 13:20:46,375:INFO: Epoch: [23][30/33]	Loss 0.030424 (0.025524)
2021-03-25 13:20:49,931:INFO: Epoch: [24][ 0/33]	Loss 0.069210 (0.069210)
2021-03-25 13:20:50,149:INFO: Epoch: [24][10/33]	Loss 0.030904 (0.032044)
2021-03-25 13:20:50,368:INFO: Epoch: [24][20/33]	Loss 0.017749 (0.025149)
2021-03-25 13:20:50,602:INFO: Epoch: [24][30/33]	Loss 0.026191 (0.022340)
2021-03-25 13:20:54,173:INFO: Epoch: [25][ 0/33]	Loss 0.066504 (0.066504)
2021-03-25 13:20:54,391:INFO: Epoch: [25][10/33]	Loss 0.028177 (0.031206)
2021-03-25 13:20:54,625:INFO: Epoch: [25][20/33]	Loss 0.017545 (0.025116)
2021-03-25 13:20:54,875:INFO: Epoch: [25][30/33]	Loss 0.027925 (0.022207)
2021-03-25 13:20:58,430:INFO: Epoch: [26][ 0/33]	Loss 0.062699 (0.062699)
2021-03-25 13:20:58,649:INFO: Epoch: [26][10/33]	Loss 0.027772 (0.028860)
2021-03-25 13:20:58,882:INFO: Epoch: [26][20/33]	Loss 0.016799 (0.023511)
2021-03-25 13:20:59,132:INFO: Epoch: [26][30/33]	Loss 0.025942 (0.021074)
2021-03-25 13:21:02,688:INFO: Epoch: [27][ 0/33]	Loss 0.065403 (0.065403)
2021-03-25 13:21:02,922:INFO: Epoch: [27][10/33]	Loss 0.025595 (0.028128)
2021-03-25 13:21:03,155:INFO: Epoch: [27][20/33]	Loss 0.015892 (0.021933)
2021-03-25 13:21:03,389:INFO: Epoch: [27][30/33]	Loss 0.024340 (0.019679)
2021-03-25 13:21:06,945:INFO: Epoch: [28][ 0/33]	Loss 0.062134 (0.062134)
2021-03-25 13:21:07,179:INFO: Epoch: [28][10/33]	Loss 0.026341 (0.027871)
2021-03-25 13:21:07,397:INFO: Epoch: [28][20/33]	Loss 0.014221 (0.021688)
2021-03-25 13:21:07,631:INFO: Epoch: [28][30/33]	Loss 0.024072 (0.019419)
2021-03-25 13:21:11,187:INFO: Epoch: [29][ 0/33]	Loss 0.061249 (0.061249)
2021-03-25 13:21:11,421:INFO: Epoch: [29][10/33]	Loss 0.025550 (0.025319)
2021-03-25 13:21:11,639:INFO: Epoch: [29][20/33]	Loss 0.013376 (0.020045)
2021-03-25 13:21:11,873:INFO: Epoch: [29][30/33]	Loss 0.023483 (0.018411)
2021-03-25 13:21:15,428:INFO: Epoch: [30][ 0/33]	Loss 0.061328 (0.061328)
2021-03-25 13:21:15,662:INFO: Epoch: [30][10/33]	Loss 0.022085 (0.024477)
2021-03-25 13:21:15,881:INFO: Epoch: [30][20/33]	Loss 0.012893 (0.018949)
2021-03-25 13:21:16,115:INFO: Epoch: [30][30/33]	Loss 0.022896 (0.017572)
2021-03-25 13:21:19,687:INFO: Epoch: [31][ 0/33]	Loss 0.059072 (0.059072)
2021-03-25 13:21:19,905:INFO: Epoch: [31][10/33]	Loss 0.021339 (0.022900)
2021-03-25 13:21:20,139:INFO: Epoch: [31][20/33]	Loss 0.012087 (0.017580)
2021-03-25 13:21:20,373:INFO: Epoch: [31][30/33]	Loss 0.021276 (0.016210)
2021-03-25 13:21:23,929:INFO: Epoch: [32][ 0/33]	Loss 0.054720 (0.054720)
2021-03-25 13:21:24,162:INFO: Epoch: [32][10/33]	Loss 0.019914 (0.022482)
2021-03-25 13:21:24,381:INFO: Epoch: [32][20/33]	Loss 0.011779 (0.016899)
2021-03-25 13:21:24,615:INFO: Epoch: [32][30/33]	Loss 0.019989 (0.015711)
2021-03-25 13:21:28,170:INFO: Epoch: [33][ 0/33]	Loss 0.058528 (0.058528)
2021-03-25 13:21:28,404:INFO: Epoch: [33][10/33]	Loss 0.020996 (0.021911)
2021-03-25 13:21:28,623:INFO: Epoch: [33][20/33]	Loss 0.011412 (0.016328)
2021-03-25 13:21:28,872:INFO: Epoch: [33][30/33]	Loss 0.019777 (0.015233)
2021-03-25 13:21:32,444:INFO: Epoch: [34][ 0/33]	Loss 0.053880 (0.053880)
2021-03-25 13:21:32,678:INFO: Epoch: [34][10/33]	Loss 0.019691 (0.020862)
2021-03-25 13:21:32,912:INFO: Epoch: [34][20/33]	Loss 0.010950 (0.015706)
2021-03-25 13:21:33,146:INFO: Epoch: [34][30/33]	Loss 0.018027 (0.014438)
2021-03-25 13:21:36,858:INFO: Epoch: [35][ 0/33]	Loss 0.055540 (0.055540)
2021-03-25 13:21:37,107:INFO: Epoch: [35][10/33]	Loss 0.018436 (0.020220)
2021-03-25 13:21:37,341:INFO: Epoch: [35][20/33]	Loss 0.010804 (0.015305)
2021-03-25 13:21:37,591:INFO: Epoch: [35][30/33]	Loss 0.019191 (0.014315)
2021-03-25 13:21:41,240:INFO: Epoch: [36][ 0/33]	Loss 0.055073 (0.055073)
2021-03-25 13:21:41,458:INFO: Epoch: [36][10/33]	Loss 0.016729 (0.019336)
2021-03-25 13:21:41,676:INFO: Epoch: [36][20/33]	Loss 0.010805 (0.014368)
2021-03-25 13:21:41,910:INFO: Epoch: [36][30/33]	Loss 0.018352 (0.013157)
2021-03-25 13:21:45,513:INFO: Epoch: [37][ 0/33]	Loss 0.055059 (0.055059)
2021-03-25 13:21:45,747:INFO: Epoch: [37][10/33]	Loss 0.017678 (0.020487)
2021-03-25 13:21:45,965:INFO: Epoch: [37][20/33]	Loss 0.010933 (0.014913)
2021-03-25 13:21:46,214:INFO: Epoch: [37][30/33]	Loss 0.018492 (0.013623)
2021-03-25 13:21:49,832:INFO: Epoch: [38][ 0/33]	Loss 0.054628 (0.054628)
2021-03-25 13:21:50,051:INFO: Epoch: [38][10/33]	Loss 0.017309 (0.019751)
2021-03-25 13:21:50,285:INFO: Epoch: [38][20/33]	Loss 0.010595 (0.014218)
2021-03-25 13:21:50,534:INFO: Epoch: [38][30/33]	Loss 0.017950 (0.012997)
2021-03-25 13:21:54,090:INFO: Epoch: [39][ 0/33]	Loss 0.056267 (0.056267)
2021-03-25 13:21:54,308:INFO: Epoch: [39][10/33]	Loss 0.017178 (0.020761)
2021-03-25 13:21:54,542:INFO: Epoch: [39][20/33]	Loss 0.010777 (0.013983)
2021-03-25 13:21:54,776:INFO: Epoch: [39][30/33]	Loss 0.017000 (0.012418)
2021-03-25 13:21:58,331:INFO: Epoch: [40][ 0/33]	Loss 0.053257 (0.053257)
2021-03-25 13:21:58,550:INFO: Epoch: [40][10/33]	Loss 0.016104 (0.019133)
2021-03-25 13:21:58,784:INFO: Epoch: [40][20/33]	Loss 0.010491 (0.013274)
2021-03-25 13:21:59,018:INFO: Epoch: [40][30/33]	Loss 0.015505 (0.011859)
2021-03-25 13:22:02,589:INFO: Epoch: [41][ 0/33]	Loss 0.053360 (0.053360)
2021-03-25 13:22:02,807:INFO: Epoch: [41][10/33]	Loss 0.016032 (0.019184)
2021-03-25 13:22:03,041:INFO: Epoch: [41][20/33]	Loss 0.010445 (0.013006)
2021-03-25 13:22:03,275:INFO: Epoch: [41][30/33]	Loss 0.015000 (0.011500)
2021-03-25 13:22:06,846:INFO: Epoch: [42][ 0/33]	Loss 0.050896 (0.050896)
2021-03-25 13:22:07,064:INFO: Epoch: [42][10/33]	Loss 0.014628 (0.018498)
2021-03-25 13:22:07,298:INFO: Epoch: [42][20/33]	Loss 0.010777 (0.012617)
2021-03-25 13:22:07,532:INFO: Epoch: [42][30/33]	Loss 0.015069 (0.010784)
2021-03-25 13:22:11,088:INFO: Epoch: [43][ 0/33]	Loss 0.050027 (0.050027)
2021-03-25 13:22:11,306:INFO: Epoch: [43][10/33]	Loss 0.014416 (0.018328)
2021-03-25 13:22:11,524:INFO: Epoch: [43][20/33]	Loss 0.010425 (0.012372)
2021-03-25 13:22:11,758:INFO: Epoch: [43][30/33]	Loss 0.012697 (0.010646)
2021-03-25 13:22:15,330:INFO: Epoch: [44][ 0/33]	Loss 0.048413 (0.048413)
2021-03-25 13:22:15,548:INFO: Epoch: [44][10/33]	Loss 0.014003 (0.018111)
2021-03-25 13:22:15,782:INFO: Epoch: [44][20/33]	Loss 0.009447 (0.011742)
2021-03-25 13:22:16,016:INFO: Epoch: [44][30/33]	Loss 0.012027 (0.009692)
2021-03-25 13:22:19,558:INFO: Epoch: [45][ 0/33]	Loss 0.049843 (0.049843)
2021-03-25 13:22:19,776:INFO: Epoch: [45][10/33]	Loss 0.014254 (0.018703)
2021-03-25 13:22:20,010:INFO: Epoch: [45][20/33]	Loss 0.009352 (0.012013)
2021-03-25 13:22:20,244:INFO: Epoch: [45][30/33]	Loss 0.012728 (0.009731)
2021-03-25 13:22:23,815:INFO: Epoch: [46][ 0/33]	Loss 0.044796 (0.044796)
2021-03-25 13:22:24,033:INFO: Epoch: [46][10/33]	Loss 0.014186 (0.018130)
2021-03-25 13:22:24,267:INFO: Epoch: [46][20/33]	Loss 0.009644 (0.011852)
2021-03-25 13:22:24,501:INFO: Epoch: [46][30/33]	Loss 0.010773 (0.009480)
2021-03-25 13:22:28,072:INFO: Epoch: [47][ 0/33]	Loss 0.045557 (0.045557)
2021-03-25 13:22:28,291:INFO: Epoch: [47][10/33]	Loss 0.013838 (0.018768)
2021-03-25 13:22:28,509:INFO: Epoch: [47][20/33]	Loss 0.009080 (0.011763)
2021-03-25 13:22:28,743:INFO: Epoch: [47][30/33]	Loss 0.010862 (0.009291)
2021-03-25 13:22:32,314:INFO: Epoch: [48][ 0/33]	Loss 0.043431 (0.043431)
2021-03-25 13:22:32,548:INFO: Epoch: [48][10/33]	Loss 0.013544 (0.018183)
2021-03-25 13:22:32,766:INFO: Epoch: [48][20/33]	Loss 0.007731 (0.010969)
2021-03-25 13:22:33,000:INFO: Epoch: [48][30/33]	Loss 0.010606 (0.008580)
2021-03-25 13:22:36,587:INFO: Epoch: [49][ 0/33]	Loss 0.039916 (0.039916)
2021-03-25 13:22:36,821:INFO: Epoch: [49][10/33]	Loss 0.012838 (0.017175)
2021-03-25 13:22:37,039:INFO: Epoch: [49][20/33]	Loss 0.007202 (0.010409)
2021-03-25 13:22:37,273:INFO: Epoch: [49][30/33]	Loss 0.011158 (0.008360)
2021-03-25 13:22:40,829:INFO: Epoch: [50][ 0/33]	Loss 0.038280 (0.038280)
2021-03-25 13:22:41,047:INFO: Epoch: [50][10/33]	Loss 0.012465 (0.017058)
2021-03-25 13:22:41,281:INFO: Epoch: [50][20/33]	Loss 0.007134 (0.010255)
2021-03-25 13:22:41,515:INFO: Epoch: [50][30/33]	Loss 0.009822 (0.008109)
2021-03-25 13:22:45,071:INFO: Epoch: [51][ 0/33]	Loss 0.038865 (0.038865)
2021-03-25 13:22:45,289:INFO: Epoch: [51][10/33]	Loss 0.012562 (0.016547)
2021-03-25 13:22:45,523:INFO: Epoch: [51][20/33]	Loss 0.007244 (0.010066)
2021-03-25 13:22:45,757:INFO: Epoch: [51][30/33]	Loss 0.009497 (0.007951)
2021-03-25 13:22:49,375:INFO: Epoch: [52][ 0/33]	Loss 0.039304 (0.039304)
2021-03-25 13:22:49,609:INFO: Epoch: [52][10/33]	Loss 0.011353 (0.016951)
2021-03-25 13:22:49,843:INFO: Epoch: [52][20/33]	Loss 0.006205 (0.009990)
2021-03-25 13:22:50,077:INFO: Epoch: [52][30/33]	Loss 0.010123 (0.007633)
2021-03-25 13:22:53,648:INFO: Epoch: [53][ 0/33]	Loss 0.034851 (0.034851)
2021-03-25 13:22:53,866:INFO: Epoch: [53][10/33]	Loss 0.011050 (0.018578)
2021-03-25 13:22:54,100:INFO: Epoch: [53][20/33]	Loss 0.006022 (0.010255)
2021-03-25 13:22:54,334:INFO: Epoch: [53][30/33]	Loss 0.009706 (0.007724)
2021-03-25 13:22:57,921:INFO: Epoch: [54][ 0/33]	Loss 0.035304 (0.035304)
2021-03-25 13:22:58,155:INFO: Epoch: [54][10/33]	Loss 0.010537 (0.018032)
2021-03-25 13:22:58,404:INFO: Epoch: [54][20/33]	Loss 0.006165 (0.010138)
2021-03-25 13:22:58,638:INFO: Epoch: [54][30/33]	Loss 0.009726 (0.007561)
2021-03-25 13:23:02,226:INFO: Epoch: [55][ 0/33]	Loss 0.035319 (0.035319)
2021-03-25 13:23:02,444:INFO: Epoch: [55][10/33]	Loss 0.010538 (0.017072)
2021-03-25 13:23:02,662:INFO: Epoch: [55][20/33]	Loss 0.005703 (0.009712)
2021-03-25 13:23:02,912:INFO: Epoch: [55][30/33]	Loss 0.009129 (0.007347)
2021-03-25 13:23:06,499:INFO: Epoch: [56][ 0/33]	Loss 0.034382 (0.034382)
2021-03-25 13:23:06,717:INFO: Epoch: [56][10/33]	Loss 0.010040 (0.016866)
2021-03-25 13:23:06,951:INFO: Epoch: [56][20/33]	Loss 0.005490 (0.009319)
2021-03-25 13:23:07,185:INFO: Epoch: [56][30/33]	Loss 0.009625 (0.007026)
2021-03-25 13:23:10,740:INFO: Epoch: [57][ 0/33]	Loss 0.032116 (0.032116)
2021-03-25 13:23:10,974:INFO: Epoch: [57][10/33]	Loss 0.009265 (0.016455)
2021-03-25 13:23:11,193:INFO: Epoch: [57][20/33]	Loss 0.005001 (0.009188)
2021-03-25 13:23:11,427:INFO: Epoch: [57][30/33]	Loss 0.008707 (0.006957)
2021-03-25 13:23:14,989:INFO: Epoch: [58][ 0/33]	Loss 0.030922 (0.030922)
2021-03-25 13:23:15,224:INFO: Epoch: [58][10/33]	Loss 0.009201 (0.015571)
2021-03-25 13:23:15,458:INFO: Epoch: [58][20/33]	Loss 0.005245 (0.008703)
2021-03-25 13:23:15,693:INFO: Epoch: [58][30/33]	Loss 0.008563 (0.006560)
2021-03-25 13:23:19,272:INFO: Epoch: [59][ 0/33]	Loss 0.032296 (0.032296)
2021-03-25 13:23:19,491:INFO: Epoch: [59][10/33]	Loss 0.008720 (0.016747)
2021-03-25 13:23:19,725:INFO: Epoch: [59][20/33]	Loss 0.004896 (0.009222)
2021-03-25 13:23:19,960:INFO: Epoch: [59][30/33]	Loss 0.008436 (0.006810)
2021-03-25 13:23:23,523:INFO: Epoch: [60][ 0/33]	Loss 0.030249 (0.030249)
2021-03-25 13:23:23,757:INFO: Epoch: [60][10/33]	Loss 0.008247 (0.016428)
2021-03-25 13:23:23,976:INFO: Epoch: [60][20/33]	Loss 0.004712 (0.008821)
2021-03-25 13:23:24,226:INFO: Epoch: [60][30/33]	Loss 0.008056 (0.006530)
2021-03-25 13:23:27,789:INFO: Epoch: [61][ 0/33]	Loss 0.028213 (0.028213)
2021-03-25 13:23:28,023:INFO: Epoch: [61][10/33]	Loss 0.008475 (0.015295)
2021-03-25 13:23:28,242:INFO: Epoch: [61][20/33]	Loss 0.004316 (0.008363)
2021-03-25 13:23:28,492:INFO: Epoch: [61][30/33]	Loss 0.007216 (0.006267)
2021-03-25 13:23:33,492:INFO: Epoch: [62][ 0/33]	Loss 0.028113 (0.028113)
2021-03-25 13:23:33,836:INFO: Epoch: [62][10/33]	Loss 0.006766 (0.014020)
2021-03-25 13:23:34,149:INFO: Epoch: [62][20/33]	Loss 0.004555 (0.007915)
2021-03-25 13:23:34,492:INFO: Epoch: [62][30/33]	Loss 0.008259 (0.006025)
2021-03-25 13:23:38,649:INFO: Epoch: [63][ 0/33]	Loss 0.028976 (0.028976)
2021-03-25 13:23:38,884:INFO: Epoch: [63][10/33]	Loss 0.008215 (0.015406)
2021-03-25 13:23:39,134:INFO: Epoch: [63][20/33]	Loss 0.005051 (0.009177)
2021-03-25 13:23:39,384:INFO: Epoch: [63][30/33]	Loss 0.007888 (0.006817)
2021-03-25 13:23:43,118:INFO: Epoch: [64][ 0/33]	Loss 0.029756 (0.029756)
2021-03-25 13:23:43,353:INFO: Epoch: [64][10/33]	Loss 0.007949 (0.014831)
2021-03-25 13:23:43,603:INFO: Epoch: [64][20/33]	Loss 0.004479 (0.008342)
2021-03-25 13:23:43,853:INFO: Epoch: [64][30/33]	Loss 0.008440 (0.006201)
2021-03-25 13:23:47,573:INFO: Epoch: [65][ 0/33]	Loss 0.028181 (0.028181)
2021-03-25 13:23:47,807:INFO: Epoch: [65][10/33]	Loss 0.007574 (0.015372)
2021-03-25 13:23:48,042:INFO: Epoch: [65][20/33]	Loss 0.004842 (0.008617)
2021-03-25 13:23:48,292:INFO: Epoch: [65][30/33]	Loss 0.008194 (0.006437)
2021-03-25 13:23:52,042:INFO: Epoch: [66][ 0/33]	Loss 0.029421 (0.029421)
2021-03-25 13:23:52,277:INFO: Epoch: [66][10/33]	Loss 0.007372 (0.014677)
2021-03-25 13:23:52,495:INFO: Epoch: [66][20/33]	Loss 0.004020 (0.008244)
2021-03-25 13:23:52,745:INFO: Epoch: [66][30/33]	Loss 0.008078 (0.006130)
2021-03-25 13:23:56,308:INFO: Epoch: [67][ 0/33]	Loss 0.028768 (0.028768)
2021-03-25 13:23:56,527:INFO: Epoch: [67][10/33]	Loss 0.006930 (0.014292)
2021-03-25 13:23:56,746:INFO: Epoch: [67][20/33]	Loss 0.004386 (0.007835)
2021-03-25 13:23:56,996:INFO: Epoch: [67][30/33]	Loss 0.007561 (0.005836)
2021-03-25 13:24:00,543:INFO: Epoch: [68][ 0/33]	Loss 0.026651 (0.026651)
2021-03-25 13:24:00,777:INFO: Epoch: [68][10/33]	Loss 0.007767 (0.014162)
2021-03-25 13:24:00,996:INFO: Epoch: [68][20/33]	Loss 0.004158 (0.008032)
2021-03-25 13:24:01,246:INFO: Epoch: [68][30/33]	Loss 0.007760 (0.005978)
2021-03-25 13:24:04,809:INFO: Epoch: [69][ 0/33]	Loss 0.024445 (0.024445)
2021-03-25 13:24:05,028:INFO: Epoch: [69][10/33]	Loss 0.006441 (0.013094)
2021-03-25 13:24:05,262:INFO: Epoch: [69][20/33]	Loss 0.004235 (0.007594)
2021-03-25 13:24:05,497:INFO: Epoch: [69][30/33]	Loss 0.006963 (0.005695)
2021-03-25 13:24:09,059:INFO: Epoch: [70][ 0/33]	Loss 0.025335 (0.025335)
2021-03-25 13:24:09,294:INFO: Epoch: [70][10/33]	Loss 0.005821 (0.012396)
2021-03-25 13:24:09,513:INFO: Epoch: [70][20/33]	Loss 0.003735 (0.007145)
2021-03-25 13:24:09,763:INFO: Epoch: [70][30/33]	Loss 0.007954 (0.005459)
2021-03-25 13:24:13,310:INFO: Epoch: [71][ 0/33]	Loss 0.025824 (0.025824)
2021-03-25 13:24:13,544:INFO: Epoch: [71][10/33]	Loss 0.006601 (0.012598)
2021-03-25 13:24:13,763:INFO: Epoch: [71][20/33]	Loss 0.003881 (0.007858)
2021-03-25 13:24:13,997:INFO: Epoch: [71][30/33]	Loss 0.008062 (0.005957)
2021-03-25 13:24:17,561:INFO: Epoch: [72][ 0/33]	Loss 0.024905 (0.024905)
2021-03-25 13:24:17,780:INFO: Epoch: [72][10/33]	Loss 0.005658 (0.011918)
2021-03-25 13:24:18,015:INFO: Epoch: [72][20/33]	Loss 0.003950 (0.007177)
2021-03-25 13:24:18,249:INFO: Epoch: [72][30/33]	Loss 0.007065 (0.005394)
2021-03-25 13:24:21,796:INFO: Epoch: [73][ 0/33]	Loss 0.025332 (0.025332)
2021-03-25 13:24:22,031:INFO: Epoch: [73][10/33]	Loss 0.006073 (0.012011)
2021-03-25 13:24:22,249:INFO: Epoch: [73][20/33]	Loss 0.003521 (0.007107)
2021-03-25 13:24:22,484:INFO: Epoch: [73][30/33]	Loss 0.007450 (0.005278)
2021-03-25 13:24:26,031:INFO: Epoch: [74][ 0/33]	Loss 0.025322 (0.025322)
2021-03-25 13:24:26,265:INFO: Epoch: [74][10/33]	Loss 0.005113 (0.011681)
2021-03-25 13:24:26,500:INFO: Epoch: [74][20/33]	Loss 0.003520 (0.007226)
2021-03-25 13:24:26,719:INFO: Epoch: [74][30/33]	Loss 0.007490 (0.005462)
2021-03-25 13:24:30,297:INFO: Epoch: [75][ 0/33]	Loss 0.023472 (0.023472)
2021-03-25 13:24:30,516:INFO: Epoch: [75][10/33]	Loss 0.005179 (0.010478)
2021-03-25 13:24:30,750:INFO: Epoch: [75][20/33]	Loss 0.003789 (0.006786)
2021-03-25 13:24:30,969:INFO: Epoch: [75][30/33]	Loss 0.007070 (0.005229)
2021-03-25 13:24:34,533:INFO: Epoch: [76][ 0/33]	Loss 0.023596 (0.023596)
2021-03-25 13:24:34,752:INFO: Epoch: [76][10/33]	Loss 0.004922 (0.010355)
2021-03-25 13:24:34,986:INFO: Epoch: [76][20/33]	Loss 0.003170 (0.006655)
2021-03-25 13:24:35,220:INFO: Epoch: [76][30/33]	Loss 0.007577 (0.005184)
2021-03-25 13:24:38,861:INFO: Epoch: [77][ 0/33]	Loss 0.023366 (0.023366)
2021-03-25 13:24:39,096:INFO: Epoch: [77][10/33]	Loss 0.004748 (0.010398)
2021-03-25 13:24:39,330:INFO: Epoch: [77][20/33]	Loss 0.003230 (0.006725)
2021-03-25 13:24:39,565:INFO: Epoch: [77][30/33]	Loss 0.007538 (0.005241)
2021-03-25 13:24:43,143:INFO: Epoch: [78][ 0/33]	Loss 0.023257 (0.023257)
2021-03-25 13:24:43,377:INFO: Epoch: [78][10/33]	Loss 0.004670 (0.010121)
2021-03-25 13:24:43,596:INFO: Epoch: [78][20/33]	Loss 0.002976 (0.006252)
2021-03-25 13:24:43,831:INFO: Epoch: [78][30/33]	Loss 0.007532 (0.004784)
2021-03-25 13:24:47,394:INFO: Epoch: [79][ 0/33]	Loss 0.022376 (0.022376)
2021-03-25 13:24:47,628:INFO: Epoch: [79][10/33]	Loss 0.004624 (0.009533)
2021-03-25 13:24:47,847:INFO: Epoch: [79][20/33]	Loss 0.003077 (0.006378)
2021-03-25 13:24:48,081:INFO: Epoch: [79][30/33]	Loss 0.007736 (0.005032)
2021-03-25 13:24:51,644:INFO: Epoch: [80][ 0/33]	Loss 0.023799 (0.023799)
2021-03-25 13:24:51,863:INFO: Epoch: [80][10/33]	Loss 0.005208 (0.009674)
2021-03-25 13:24:52,097:INFO: Epoch: [80][20/33]	Loss 0.002730 (0.005944)
2021-03-25 13:24:52,331:INFO: Epoch: [80][30/33]	Loss 0.006704 (0.004611)
2021-03-25 13:24:55,894:INFO: Epoch: [81][ 0/33]	Loss 0.021383 (0.021383)
2021-03-25 13:24:56,129:INFO: Epoch: [81][10/33]	Loss 0.004562 (0.009413)
2021-03-25 13:24:56,363:INFO: Epoch: [81][20/33]	Loss 0.003053 (0.006473)
2021-03-25 13:24:56,598:INFO: Epoch: [81][30/33]	Loss 0.007557 (0.005061)
2021-03-25 13:25:00,176:INFO: Epoch: [82][ 0/33]	Loss 0.023143 (0.023143)
2021-03-25 13:25:00,410:INFO: Epoch: [82][10/33]	Loss 0.004256 (0.008986)
2021-03-25 13:25:00,629:INFO: Epoch: [82][20/33]	Loss 0.002745 (0.005956)
2021-03-25 13:25:00,879:INFO: Epoch: [82][30/33]	Loss 0.006888 (0.004648)
2021-03-25 13:25:04,458:INFO: Epoch: [83][ 0/33]	Loss 0.021831 (0.021831)
2021-03-25 13:25:04,676:INFO: Epoch: [83][10/33]	Loss 0.004435 (0.008834)
2021-03-25 13:25:04,911:INFO: Epoch: [83][20/33]	Loss 0.002646 (0.005797)
2021-03-25 13:25:05,161:INFO: Epoch: [83][30/33]	Loss 0.006926 (0.004529)
2021-03-25 13:25:08,724:INFO: Epoch: [84][ 0/33]	Loss 0.022480 (0.022480)
2021-03-25 13:25:08,958:INFO: Epoch: [84][10/33]	Loss 0.003974 (0.009190)
2021-03-25 13:25:09,193:INFO: Epoch: [84][20/33]	Loss 0.003010 (0.006379)
2021-03-25 13:25:09,427:INFO: Epoch: [84][30/33]	Loss 0.007303 (0.004964)
2021-03-25 13:25:12,974:INFO: Epoch: [85][ 0/33]	Loss 0.021707 (0.021707)
2021-03-25 13:25:13,209:INFO: Epoch: [85][10/33]	Loss 0.004116 (0.008339)
2021-03-25 13:25:13,427:INFO: Epoch: [85][20/33]	Loss 0.002591 (0.005698)
2021-03-25 13:25:13,662:INFO: Epoch: [85][30/33]	Loss 0.007559 (0.004555)
2021-03-25 13:25:17,227:INFO: Epoch: [86][ 0/33]	Loss 0.020579 (0.020579)
2021-03-25 13:25:17,461:INFO: Epoch: [86][10/33]	Loss 0.004140 (0.008453)
2021-03-25 13:25:17,695:INFO: Epoch: [86][20/33]	Loss 0.002855 (0.006327)
2021-03-25 13:25:17,930:INFO: Epoch: [86][30/33]	Loss 0.007725 (0.004986)
2021-03-25 13:25:21,493:INFO: Epoch: [87][ 0/33]	Loss 0.021770 (0.021770)
2021-03-25 13:25:21,712:INFO: Epoch: [87][10/33]	Loss 0.003538 (0.007921)
2021-03-25 13:25:21,946:INFO: Epoch: [87][20/33]	Loss 0.002534 (0.005335)
2021-03-25 13:25:22,180:INFO: Epoch: [87][30/33]	Loss 0.006173 (0.004209)
2021-03-25 13:25:25,728:INFO: Epoch: [88][ 0/33]	Loss 0.020576 (0.020576)
2021-03-25 13:25:25,962:INFO: Epoch: [88][10/33]	Loss 0.003832 (0.008194)
2021-03-25 13:25:26,196:INFO: Epoch: [88][20/33]	Loss 0.002433 (0.005459)
2021-03-25 13:25:26,431:INFO: Epoch: [88][30/33]	Loss 0.006824 (0.004312)
2021-03-25 13:25:29,994:INFO: Epoch: [89][ 0/33]	Loss 0.020763 (0.020763)
2021-03-25 13:25:30,228:INFO: Epoch: [89][10/33]	Loss 0.004009 (0.008163)
2021-03-25 13:25:30,447:INFO: Epoch: [89][20/33]	Loss 0.002673 (0.006185)
2021-03-25 13:25:30,681:INFO: Epoch: [89][30/33]	Loss 0.007243 (0.004844)
2021-03-25 13:25:34,244:INFO: Epoch: [90][ 0/33]	Loss 0.019861 (0.019861)
2021-03-25 13:25:34,478:INFO: Epoch: [90][10/33]	Loss 0.003755 (0.006846)
2021-03-25 13:25:34,697:INFO: Epoch: [90][20/33]	Loss 0.002575 (0.004322)
2021-03-25 13:25:34,932:INFO: Epoch: [90][30/33]	Loss 0.005362 (0.003465)
2021-03-25 13:25:38,510:INFO: Epoch: [91][ 0/33]	Loss 0.018295 (0.018295)
2021-03-25 13:25:38,729:INFO: Epoch: [91][10/33]	Loss 0.004225 (0.008187)
2021-03-25 13:25:38,948:INFO: Epoch: [91][20/33]	Loss 0.002609 (0.006392)
2021-03-25 13:25:39,182:INFO: Epoch: [91][30/33]	Loss 0.007797 (0.005086)
2021-03-25 13:25:42,745:INFO: Epoch: [92][ 0/33]	Loss 0.020726 (0.020726)
2021-03-25 13:25:42,979:INFO: Epoch: [92][10/33]	Loss 0.003505 (0.007020)
2021-03-25 13:25:43,214:INFO: Epoch: [92][20/33]	Loss 0.002468 (0.004911)
2021-03-25 13:25:43,448:INFO: Epoch: [92][30/33]	Loss 0.005890 (0.003889)
2021-03-25 13:25:47,011:INFO: Epoch: [93][ 0/33]	Loss 0.017663 (0.017663)
2021-03-25 13:25:47,230:INFO: Epoch: [93][10/33]	Loss 0.003605 (0.007166)
2021-03-25 13:25:47,464:INFO: Epoch: [93][20/33]	Loss 0.002474 (0.005264)
2021-03-25 13:25:47,698:INFO: Epoch: [93][30/33]	Loss 0.006290 (0.004162)
2021-03-25 13:25:51,246:INFO: Epoch: [94][ 0/33]	Loss 0.018351 (0.018351)
2021-03-25 13:25:51,480:INFO: Epoch: [94][10/33]	Loss 0.003546 (0.006428)
2021-03-25 13:25:51,699:INFO: Epoch: [94][20/33]	Loss 0.002422 (0.004587)
2021-03-25 13:25:51,949:INFO: Epoch: [94][30/33]	Loss 0.005942 (0.003730)
2021-03-25 13:25:55,496:INFO: Epoch: [95][ 0/33]	Loss 0.017414 (0.017414)
2021-03-25 13:25:55,730:INFO: Epoch: [95][10/33]	Loss 0.003499 (0.006577)
2021-03-25 13:25:55,965:INFO: Epoch: [95][20/33]	Loss 0.002625 (0.004791)
2021-03-25 13:25:56,199:INFO: Epoch: [95][30/33]	Loss 0.005466 (0.003804)
2021-03-25 13:25:59,762:INFO: Epoch: [96][ 0/33]	Loss 0.017519 (0.017519)
2021-03-25 13:25:59,981:INFO: Epoch: [96][10/33]	Loss 0.003331 (0.006278)
2021-03-25 13:26:00,215:INFO: Epoch: [96][20/33]	Loss 0.002606 (0.004761)
2021-03-25 13:26:00,465:INFO: Epoch: [96][30/33]	Loss 0.005215 (0.003849)
2021-03-25 13:26:04,014:INFO: Epoch: [97][ 0/33]	Loss 0.016679 (0.016679)
2021-03-25 13:26:04,232:INFO: Epoch: [97][10/33]	Loss 0.003390 (0.005986)
2021-03-25 13:26:04,451:INFO: Epoch: [97][20/33]	Loss 0.002786 (0.004782)
2021-03-25 13:26:04,686:INFO: Epoch: [97][30/33]	Loss 0.005010 (0.003885)
2021-03-25 13:26:08,248:INFO: Epoch: [98][ 0/33]	Loss 0.016642 (0.016642)
2021-03-25 13:26:08,483:INFO: Epoch: [98][10/33]	Loss 0.003368 (0.005402)
2021-03-25 13:26:08,717:INFO: Epoch: [98][20/33]	Loss 0.002556 (0.004273)
2021-03-25 13:26:08,952:INFO: Epoch: [98][30/33]	Loss 0.004966 (0.003529)
2021-03-25 13:26:12,514:INFO: Epoch: [99][ 0/33]	Loss 0.015749 (0.015749)
2021-03-25 13:26:12,733:INFO: Epoch: [99][10/33]	Loss 0.003052 (0.005322)
2021-03-25 13:26:12,968:INFO: Epoch: [99][20/33]	Loss 0.003377 (0.004351)
2021-03-25 13:26:13,202:INFO: Epoch: [99][30/33]	Loss 0.003998 (0.003543)
2021-03-25 13:26:16,782:INFO: Epoch: [100][ 0/33]	Loss 0.014679 (0.014679)
2021-03-25 13:26:17,000:INFO: Epoch: [100][10/33]	Loss 0.003148 (0.005299)
2021-03-25 13:26:17,235:INFO: Epoch: [100][20/33]	Loss 0.003192 (0.004501)
2021-03-25 13:26:17,469:INFO: Epoch: [100][30/33]	Loss 0.004447 (0.003755)
2021-03-25 13:26:18,813:INFO: Test: [ 0/15]	ADE 3.004271 (3.004271)	FDE 5.579064 (5.579064)
2021-03-25 13:26:19,391:INFO: Test: [10/15]	ADE 1.495431 (1.561740)	FDE 2.781752 (2.861741)
2021-03-25 13:26:19,813:INFO:  * ADE  1.516 FDE  2.777
2021-03-25 13:26:19,829:INFO: -------------- lower ade ----------------
2021-03-25 13:26:23,110:INFO: Epoch: [101][ 0/33]	Loss 0.017531 (0.017531)
2021-03-25 13:26:23,345:INFO: Epoch: [101][10/33]	Loss 0.003526 (0.005248)
2021-03-25 13:26:23,564:INFO: Epoch: [101][20/33]	Loss 0.004163 (0.004667)
2021-03-25 13:26:23,814:INFO: Epoch: [101][30/33]	Loss 0.003873 (0.003920)
2021-03-25 13:26:27,376:INFO: Epoch: [102][ 0/33]	Loss 0.015483 (0.015483)
2021-03-25 13:26:27,611:INFO: Epoch: [102][10/33]	Loss 0.003212 (0.004805)
2021-03-25 13:26:27,845:INFO: Epoch: [102][20/33]	Loss 0.003853 (0.004260)
2021-03-25 13:26:28,080:INFO: Epoch: [102][30/33]	Loss 0.003626 (0.003557)
2021-03-25 13:26:31,627:INFO: Epoch: [103][ 0/33]	Loss 0.015556 (0.015556)
2021-03-25 13:26:31,861:INFO: Epoch: [103][10/33]	Loss 0.002933 (0.004692)
2021-03-25 13:26:32,096:INFO: Epoch: [103][20/33]	Loss 0.003507 (0.004116)
2021-03-25 13:26:32,330:INFO: Epoch: [103][30/33]	Loss 0.003664 (0.003381)
2021-03-25 13:26:35,877:INFO: Epoch: [104][ 0/33]	Loss 0.015625 (0.015625)
2021-03-25 13:26:36,112:INFO: Epoch: [104][10/33]	Loss 0.002777 (0.004714)
2021-03-25 13:26:36,330:INFO: Epoch: [104][20/33]	Loss 0.004879 (0.004637)
2021-03-25 13:26:36,580:INFO: Epoch: [104][30/33]	Loss 0.003640 (0.003874)
2021-03-25 13:26:40,143:INFO: Epoch: [105][ 0/33]	Loss 0.014392 (0.014392)
2021-03-25 13:26:40,362:INFO: Epoch: [105][10/33]	Loss 0.002444 (0.004187)
2021-03-25 13:26:40,596:INFO: Epoch: [105][20/33]	Loss 0.002970 (0.003477)
2021-03-25 13:26:40,831:INFO: Epoch: [105][30/33]	Loss 0.003075 (0.002972)
2021-03-25 13:26:44,394:INFO: Epoch: [106][ 0/33]	Loss 0.014223 (0.014223)
2021-03-25 13:26:44,612:INFO: Epoch: [106][10/33]	Loss 0.003212 (0.004252)
2021-03-25 13:26:44,831:INFO: Epoch: [106][20/33]	Loss 0.004714 (0.004174)
2021-03-25 13:26:45,066:INFO: Epoch: [106][30/33]	Loss 0.003324 (0.003482)
2021-03-25 13:26:48,630:INFO: Epoch: [107][ 0/33]	Loss 0.014370 (0.014370)
2021-03-25 13:26:48,864:INFO: Epoch: [107][10/33]	Loss 0.002581 (0.003842)
2021-03-25 13:26:49,083:INFO: Epoch: [107][20/33]	Loss 0.003536 (0.003457)
2021-03-25 13:26:49,317:INFO: Epoch: [107][30/33]	Loss 0.002658 (0.002902)
2021-03-25 13:26:52,880:INFO: Epoch: [108][ 0/33]	Loss 0.013640 (0.013640)
2021-03-25 13:26:53,114:INFO: Epoch: [108][10/33]	Loss 0.002429 (0.003830)
2021-03-25 13:26:53,333:INFO: Epoch: [108][20/33]	Loss 0.004565 (0.003859)
2021-03-25 13:26:53,568:INFO: Epoch: [108][30/33]	Loss 0.002963 (0.003302)
2021-03-25 13:26:57,130:INFO: Epoch: [109][ 0/33]	Loss 0.013010 (0.013010)
2021-03-25 13:26:57,349:INFO: Epoch: [109][10/33]	Loss 0.002978 (0.004019)
2021-03-25 13:26:57,584:INFO: Epoch: [109][20/33]	Loss 0.006434 (0.004597)
2021-03-25 13:26:57,818:INFO: Epoch: [109][30/33]	Loss 0.003498 (0.003904)
2021-03-25 13:27:01,365:INFO: Epoch: [110][ 0/33]	Loss 0.015149 (0.015149)
2021-03-25 13:27:01,600:INFO: Epoch: [110][10/33]	Loss 0.002278 (0.003756)
2021-03-25 13:27:01,818:INFO: Epoch: [110][20/33]	Loss 0.004064 (0.003448)
2021-03-25 13:27:02,053:INFO: Epoch: [110][30/33]	Loss 0.002582 (0.002872)
2021-03-25 13:27:05,616:INFO: Epoch: [111][ 0/33]	Loss 0.013467 (0.013467)
2021-03-25 13:27:05,834:INFO: Epoch: [111][10/33]	Loss 0.002340 (0.003566)
2021-03-25 13:27:06,069:INFO: Epoch: [111][20/33]	Loss 0.004782 (0.003602)
2021-03-25 13:27:06,303:INFO: Epoch: [111][30/33]	Loss 0.002594 (0.003055)
2021-03-25 13:27:09,866:INFO: Epoch: [112][ 0/33]	Loss 0.012111 (0.012111)
2021-03-25 13:27:10,100:INFO: Epoch: [112][10/33]	Loss 0.002206 (0.003540)
2021-03-25 13:27:10,319:INFO: Epoch: [112][20/33]	Loss 0.005572 (0.003861)
2021-03-25 13:27:10,569:INFO: Epoch: [112][30/33]	Loss 0.002965 (0.003236)
2021-03-25 13:27:14,116:INFO: Epoch: [113][ 0/33]	Loss 0.012953 (0.012953)
2021-03-25 13:27:14,335:INFO: Epoch: [113][10/33]	Loss 0.002519 (0.003760)
2021-03-25 13:27:14,570:INFO: Epoch: [113][20/33]	Loss 0.006429 (0.004386)
2021-03-25 13:27:14,804:INFO: Epoch: [113][30/33]	Loss 0.003270 (0.003613)
2021-03-25 13:27:18,352:INFO: Epoch: [114][ 0/33]	Loss 0.012517 (0.012517)
2021-03-25 13:27:18,587:INFO: Epoch: [114][10/33]	Loss 0.002186 (0.003624)
2021-03-25 13:27:18,805:INFO: Epoch: [114][20/33]	Loss 0.006015 (0.004075)
2021-03-25 13:27:19,040:INFO: Epoch: [114][30/33]	Loss 0.003110 (0.003366)
2021-03-25 13:27:22,587:INFO: Epoch: [115][ 0/33]	Loss 0.012024 (0.012024)
2021-03-25 13:27:22,821:INFO: Epoch: [115][10/33]	Loss 0.002020 (0.003454)
2021-03-25 13:27:23,056:INFO: Epoch: [115][20/33]	Loss 0.006615 (0.004199)
2021-03-25 13:27:23,290:INFO: Epoch: [115][30/33]	Loss 0.003331 (0.003546)
2021-03-25 13:27:26,837:INFO: Epoch: [116][ 0/33]	Loss 0.012577 (0.012577)
2021-03-25 13:27:27,072:INFO: Epoch: [116][10/33]	Loss 0.001969 (0.003312)
2021-03-25 13:27:27,306:INFO: Epoch: [116][20/33]	Loss 0.004686 (0.003432)
2021-03-25 13:27:27,525:INFO: Epoch: [116][30/33]	Loss 0.002593 (0.002825)
2021-03-25 13:27:31,088:INFO: Epoch: [117][ 0/33]	Loss 0.011817 (0.011817)
2021-03-25 13:27:31,322:INFO: Epoch: [117][10/33]	Loss 0.002132 (0.003304)
2021-03-25 13:27:31,558:INFO: Epoch: [117][20/33]	Loss 0.005475 (0.003682)
2021-03-25 13:27:31,792:INFO: Epoch: [117][30/33]	Loss 0.003143 (0.003027)
2021-03-25 13:27:35,355:INFO: Epoch: [118][ 0/33]	Loss 0.011142 (0.011142)
2021-03-25 13:27:35,574:INFO: Epoch: [118][10/33]	Loss 0.001930 (0.003244)
2021-03-25 13:27:35,808:INFO: Epoch: [118][20/33]	Loss 0.005331 (0.003556)
2021-03-25 13:27:36,058:INFO: Epoch: [118][30/33]	Loss 0.003119 (0.002974)
2021-03-25 13:27:39,605:INFO: Epoch: [119][ 0/33]	Loss 0.011553 (0.011553)
2021-03-25 13:27:39,840:INFO: Epoch: [119][10/33]	Loss 0.002370 (0.003497)
2021-03-25 13:27:40,059:INFO: Epoch: [119][20/33]	Loss 0.006973 (0.004392)
2021-03-25 13:27:40,309:INFO: Epoch: [119][30/33]	Loss 0.003883 (0.003550)
2021-03-25 13:27:43,871:INFO: Epoch: [120][ 0/33]	Loss 0.011475 (0.011475)
2021-03-25 13:27:44,106:INFO: Epoch: [120][10/33]	Loss 0.002331 (0.003628)
2021-03-25 13:27:44,325:INFO: Epoch: [120][20/33]	Loss 0.005809 (0.004107)
2021-03-25 13:27:44,559:INFO: Epoch: [120][30/33]	Loss 0.003050 (0.003194)
2021-03-25 13:27:48,122:INFO: Epoch: [121][ 0/33]	Loss 0.011089 (0.011089)
2021-03-25 13:27:48,356:INFO: Epoch: [121][10/33]	Loss 0.001828 (0.003148)
2021-03-25 13:27:48,591:INFO: Epoch: [121][20/33]	Loss 0.005384 (0.003543)
2021-03-25 13:27:48,825:INFO: Epoch: [121][30/33]	Loss 0.002964 (0.002947)
2021-03-25 13:27:52,388:INFO: Epoch: [122][ 0/33]	Loss 0.010748 (0.010748)
2021-03-25 13:27:52,607:INFO: Epoch: [122][10/33]	Loss 0.001740 (0.002932)
2021-03-25 13:27:52,841:INFO: Epoch: [122][20/33]	Loss 0.004270 (0.003101)
2021-03-25 13:27:53,076:INFO: Epoch: [122][30/33]	Loss 0.002660 (0.002545)
2021-03-25 13:27:56,638:INFO: Epoch: [123][ 0/33]	Loss 0.010038 (0.010038)
2021-03-25 13:27:56,873:INFO: Epoch: [123][10/33]	Loss 0.001933 (0.003001)
2021-03-25 13:27:57,092:INFO: Epoch: [123][20/33]	Loss 0.004775 (0.003361)
2021-03-25 13:27:57,326:INFO: Epoch: [123][30/33]	Loss 0.003214 (0.002670)
2021-03-25 13:28:00,889:INFO: Epoch: [124][ 0/33]	Loss 0.009290 (0.009290)
2021-03-25 13:28:01,108:INFO: Epoch: [124][10/33]	Loss 0.001850 (0.002835)
2021-03-25 13:28:01,342:INFO: Epoch: [124][20/33]	Loss 0.004666 (0.003235)
2021-03-25 13:28:01,576:INFO: Epoch: [124][30/33]	Loss 0.002954 (0.002543)
2021-03-25 13:28:05,124:INFO: Epoch: [125][ 0/33]	Loss 0.009454 (0.009454)
2021-03-25 13:28:05,358:INFO: Epoch: [125][10/33]	Loss 0.001857 (0.003003)
2021-03-25 13:28:05,577:INFO: Epoch: [125][20/33]	Loss 0.004783 (0.003401)
2021-03-25 13:28:05,827:INFO: Epoch: [125][30/33]	Loss 0.003125 (0.002676)
2021-03-25 13:28:09,374:INFO: Epoch: [126][ 0/33]	Loss 0.008970 (0.008970)
2021-03-25 13:28:09,608:INFO: Epoch: [126][10/33]	Loss 0.002045 (0.002989)
2021-03-25 13:28:09,843:INFO: Epoch: [126][20/33]	Loss 0.004434 (0.003308)
2021-03-25 13:28:10,062:INFO: Epoch: [126][30/33]	Loss 0.002711 (0.002527)
2021-03-25 13:28:13,624:INFO: Epoch: [127][ 0/33]	Loss 0.008994 (0.008994)
2021-03-25 13:28:13,843:INFO: Epoch: [127][10/33]	Loss 0.002198 (0.003153)
2021-03-25 13:28:14,078:INFO: Epoch: [127][20/33]	Loss 0.007039 (0.004351)
2021-03-25 13:28:14,312:INFO: Epoch: [127][30/33]	Loss 0.004251 (0.003459)
2021-03-25 13:28:17,877:INFO: Epoch: [128][ 0/33]	Loss 0.009274 (0.009274)
2021-03-25 13:28:18,096:INFO: Epoch: [128][10/33]	Loss 0.002695 (0.003624)
2021-03-25 13:28:18,330:INFO: Epoch: [128][20/33]	Loss 0.005374 (0.003920)
2021-03-25 13:28:18,549:INFO: Epoch: [128][30/33]	Loss 0.003223 (0.002982)
2021-03-25 13:28:22,112:INFO: Epoch: [129][ 0/33]	Loss 0.009133 (0.009133)
2021-03-25 13:28:22,331:INFO: Epoch: [129][10/33]	Loss 0.001813 (0.002951)
2021-03-25 13:28:22,565:INFO: Epoch: [129][20/33]	Loss 0.004280 (0.003201)
2021-03-25 13:28:22,815:INFO: Epoch: [129][30/33]	Loss 0.002750 (0.002520)
2021-03-25 13:28:26,362:INFO: Epoch: [130][ 0/33]	Loss 0.009174 (0.009174)
2021-03-25 13:28:26,581:INFO: Epoch: [130][10/33]	Loss 0.001924 (0.002940)
2021-03-25 13:28:26,815:INFO: Epoch: [130][20/33]	Loss 0.005395 (0.003588)
2021-03-25 13:28:27,050:INFO: Epoch: [130][30/33]	Loss 0.003217 (0.002810)
2021-03-25 13:28:30,613:INFO: Epoch: [131][ 0/33]	Loss 0.007854 (0.007854)
2021-03-25 13:28:30,831:INFO: Epoch: [131][10/33]	Loss 0.001651 (0.002793)
2021-03-25 13:28:31,066:INFO: Epoch: [131][20/33]	Loss 0.004596 (0.003195)
2021-03-25 13:28:31,300:INFO: Epoch: [131][30/33]	Loss 0.002978 (0.002530)
2021-03-25 13:28:34,863:INFO: Epoch: [132][ 0/33]	Loss 0.008814 (0.008814)
2021-03-25 13:28:35,082:INFO: Epoch: [132][10/33]	Loss 0.001840 (0.002938)
2021-03-25 13:28:35,316:INFO: Epoch: [132][20/33]	Loss 0.005165 (0.003566)
2021-03-25 13:28:35,551:INFO: Epoch: [132][30/33]	Loss 0.003014 (0.002714)
2021-03-25 13:28:39,114:INFO: Epoch: [133][ 0/33]	Loss 0.008469 (0.008469)
2021-03-25 13:28:39,332:INFO: Epoch: [133][10/33]	Loss 0.001720 (0.002827)
2021-03-25 13:28:39,567:INFO: Epoch: [133][20/33]	Loss 0.004226 (0.003140)
2021-03-25 13:28:39,801:INFO: Epoch: [133][30/33]	Loss 0.002950 (0.002437)
2021-03-25 13:28:43,364:INFO: Epoch: [134][ 0/33]	Loss 0.007406 (0.007406)
2021-03-25 13:28:43,598:INFO: Epoch: [134][10/33]	Loss 0.001619 (0.002551)
2021-03-25 13:28:43,833:INFO: Epoch: [134][20/33]	Loss 0.003708 (0.002777)
2021-03-25 13:28:44,067:INFO: Epoch: [134][30/33]	Loss 0.002670 (0.002204)
2021-03-25 13:28:47,630:INFO: Epoch: [135][ 0/33]	Loss 0.007226 (0.007226)
2021-03-25 13:28:47,865:INFO: Epoch: [135][10/33]	Loss 0.001744 (0.002502)
2021-03-25 13:28:48,083:INFO: Epoch: [135][20/33]	Loss 0.004411 (0.003049)
2021-03-25 13:28:48,318:INFO: Epoch: [135][30/33]	Loss 0.002860 (0.002387)
2021-03-25 13:28:51,865:INFO: Epoch: [136][ 0/33]	Loss 0.007230 (0.007230)
2021-03-25 13:28:52,099:INFO: Epoch: [136][10/33]	Loss 0.002325 (0.002875)
2021-03-25 13:28:52,334:INFO: Epoch: [136][20/33]	Loss 0.003828 (0.003095)
2021-03-25 13:28:52,568:INFO: Epoch: [136][30/33]	Loss 0.002704 (0.002338)
2021-03-25 13:28:56,131:INFO: Epoch: [137][ 0/33]	Loss 0.007200 (0.007200)
2021-03-25 13:28:56,350:INFO: Epoch: [137][10/33]	Loss 0.001892 (0.002479)
2021-03-25 13:28:56,569:INFO: Epoch: [137][20/33]	Loss 0.002930 (0.002416)
2021-03-25 13:28:56,803:INFO: Epoch: [137][30/33]	Loss 0.002092 (0.001864)
2021-03-25 13:29:00,366:INFO: Epoch: [138][ 0/33]	Loss 0.007401 (0.007401)
2021-03-25 13:29:00,585:INFO: Epoch: [138][10/33]	Loss 0.002452 (0.002806)
2021-03-25 13:29:00,819:INFO: Epoch: [138][20/33]	Loss 0.005906 (0.004001)
2021-03-25 13:29:01,053:INFO: Epoch: [138][30/33]	Loss 0.003562 (0.003048)
2021-03-25 13:29:04,617:INFO: Epoch: [139][ 0/33]	Loss 0.007198 (0.007198)
2021-03-25 13:29:04,852:INFO: Epoch: [139][10/33]	Loss 0.002188 (0.002824)
2021-03-25 13:29:05,086:INFO: Epoch: [139][20/33]	Loss 0.004623 (0.003376)
2021-03-25 13:29:05,321:INFO: Epoch: [139][30/33]	Loss 0.003036 (0.002600)
2021-03-25 13:29:08,883:INFO: Epoch: [140][ 0/33]	Loss 0.007323 (0.007323)
2021-03-25 13:29:09,118:INFO: Epoch: [140][10/33]	Loss 0.001905 (0.002797)
2021-03-25 13:29:09,337:INFO: Epoch: [140][20/33]	Loss 0.004366 (0.003135)
2021-03-25 13:29:09,571:INFO: Epoch: [140][30/33]	Loss 0.002691 (0.002406)
2021-03-25 13:29:13,149:INFO: Epoch: [141][ 0/33]	Loss 0.007297 (0.007297)
2021-03-25 13:29:13,368:INFO: Epoch: [141][10/33]	Loss 0.001574 (0.002454)
2021-03-25 13:29:13,603:INFO: Epoch: [141][20/33]	Loss 0.004188 (0.002875)
2021-03-25 13:29:13,837:INFO: Epoch: [141][30/33]	Loss 0.002799 (0.002328)
2021-03-25 13:29:17,401:INFO: Epoch: [142][ 0/33]	Loss 0.006622 (0.006622)
2021-03-25 13:29:17,620:INFO: Epoch: [142][10/33]	Loss 0.001333 (0.002190)
2021-03-25 13:29:17,854:INFO: Epoch: [142][20/33]	Loss 0.002993 (0.002321)
2021-03-25 13:29:18,089:INFO: Epoch: [142][30/33]	Loss 0.002294 (0.001888)
2021-03-25 13:29:21,636:INFO: Epoch: [143][ 0/33]	Loss 0.006695 (0.006695)
2021-03-25 13:29:21,870:INFO: Epoch: [143][10/33]	Loss 0.001532 (0.002057)
2021-03-25 13:29:22,089:INFO: Epoch: [143][20/33]	Loss 0.003207 (0.002344)
2021-03-25 13:29:22,339:INFO: Epoch: [143][30/33]	Loss 0.002288 (0.001874)
2021-03-25 13:29:25,886:INFO: Epoch: [144][ 0/33]	Loss 0.006281 (0.006281)
2021-03-25 13:29:26,105:INFO: Epoch: [144][10/33]	Loss 0.001564 (0.002228)
2021-03-25 13:29:26,339:INFO: Epoch: [144][20/33]	Loss 0.003341 (0.002568)
2021-03-25 13:29:26,574:INFO: Epoch: [144][30/33]	Loss 0.002272 (0.002035)
2021-03-25 13:29:30,121:INFO: Epoch: [145][ 0/33]	Loss 0.006224 (0.006224)
2021-03-25 13:29:30,355:INFO: Epoch: [145][10/33]	Loss 0.001772 (0.002202)
2021-03-25 13:29:30,574:INFO: Epoch: [145][20/33]	Loss 0.003935 (0.002802)
2021-03-25 13:29:30,809:INFO: Epoch: [145][30/33]	Loss 0.002626 (0.002224)
2021-03-25 13:29:34,356:INFO: Epoch: [146][ 0/33]	Loss 0.005912 (0.005912)
2021-03-25 13:29:34,575:INFO: Epoch: [146][10/33]	Loss 0.001784 (0.002297)
2021-03-25 13:29:34,809:INFO: Epoch: [146][20/33]	Loss 0.003729 (0.002754)
2021-03-25 13:29:35,043:INFO: Epoch: [146][30/33]	Loss 0.002642 (0.002160)
2021-03-25 13:29:38,591:INFO: Epoch: [147][ 0/33]	Loss 0.005881 (0.005881)
2021-03-25 13:29:38,810:INFO: Epoch: [147][10/33]	Loss 0.001355 (0.002183)
2021-03-25 13:29:39,028:INFO: Epoch: [147][20/33]	Loss 0.003152 (0.002345)
2021-03-25 13:29:39,278:INFO: Epoch: [147][30/33]	Loss 0.002173 (0.001824)
2021-03-25 13:29:42,872:INFO: Epoch: [148][ 0/33]	Loss 0.006394 (0.006394)
2021-03-25 13:29:43,091:INFO: Epoch: [148][10/33]	Loss 0.002083 (0.002395)
2021-03-25 13:29:43,326:INFO: Epoch: [148][20/33]	Loss 0.004709 (0.003323)
2021-03-25 13:29:43,560:INFO: Epoch: [148][30/33]	Loss 0.002959 (0.002647)
2021-03-25 13:29:47,124:INFO: Epoch: [149][ 0/33]	Loss 0.005897 (0.005897)
2021-03-25 13:29:47,343:INFO: Epoch: [149][10/33]	Loss 0.001781 (0.002325)
2021-03-25 13:29:47,561:INFO: Epoch: [149][20/33]	Loss 0.004494 (0.002987)
2021-03-25 13:29:47,796:INFO: Epoch: [149][30/33]	Loss 0.002771 (0.002425)
2021-03-25 13:29:51,484:INFO: Epoch: [150][ 0/33]	Loss 16.182577 (16.182577)
2021-03-25 13:29:52,828:INFO: Epoch: [150][10/33]	Loss 2.041799 (5.489896)
2021-03-25 13:29:54,203:INFO: Epoch: [150][20/33]	Loss 1.572517 (2.877451)
2021-03-25 13:29:55,609:INFO: Epoch: [150][30/33]	Loss 2.320241 (1.872647)
2021-03-25 13:29:59,485:INFO: Epoch: [151][ 0/33]	Loss 3.476218 (3.476218)
2021-03-25 13:30:00,844:INFO: Epoch: [151][10/33]	Loss 1.103910 (1.185176)
2021-03-25 13:30:02,204:INFO: Epoch: [151][20/33]	Loss 0.504741 (0.752354)
2021-03-25 13:30:03,610:INFO: Epoch: [151][30/33]	Loss 0.677401 (0.538828)
2021-03-25 13:30:07,517:INFO: Epoch: [152][ 0/33]	Loss 1.352725 (1.352725)
2021-03-25 13:30:08,861:INFO: Epoch: [152][10/33]	Loss 0.514943 (0.605104)
2021-03-25 13:30:10,220:INFO: Epoch: [152][20/33]	Loss 0.307444 (0.418308)
2021-03-25 13:30:11,595:INFO: Epoch: [152][30/33]	Loss 0.467238 (0.330005)
2021-03-25 13:30:15,486:INFO: Epoch: [153][ 0/33]	Loss 0.981001 (0.981001)
2021-03-25 13:30:16,831:INFO: Epoch: [153][10/33]	Loss 0.292366 (0.359790)
2021-03-25 13:30:18,191:INFO: Epoch: [153][20/33]	Loss 0.217186 (0.270371)
2021-03-25 13:30:19,597:INFO: Epoch: [153][30/33]	Loss 0.311794 (0.223917)
2021-03-25 13:30:23,520:INFO: Epoch: [154][ 0/33]	Loss 0.781590 (0.781590)
2021-03-25 13:30:24,848:INFO: Epoch: [154][10/33]	Loss 0.195079 (0.267061)
2021-03-25 13:30:26,207:INFO: Epoch: [154][20/33]	Loss 0.172631 (0.204226)
2021-03-25 13:30:27,583:INFO: Epoch: [154][30/33]	Loss 0.211818 (0.177560)
2021-03-25 13:30:31,490:INFO: Epoch: [155][ 0/33]	Loss 0.596519 (0.596519)
2021-03-25 13:30:32,866:INFO: Epoch: [155][10/33]	Loss 0.179106 (0.221088)
2021-03-25 13:30:34,225:INFO: Epoch: [155][20/33]	Loss 0.137654 (0.167209)
2021-03-25 13:30:35,616:INFO: Epoch: [155][30/33]	Loss 0.201379 (0.147696)
2021-03-25 13:30:39,523:INFO: Epoch: [156][ 0/33]	Loss 0.513571 (0.513571)
2021-03-25 13:30:40,851:INFO: Epoch: [156][10/33]	Loss 0.158800 (0.192868)
2021-03-25 13:30:42,210:INFO: Epoch: [156][20/33]	Loss 0.126335 (0.150842)
2021-03-25 13:30:43,601:INFO: Epoch: [156][30/33]	Loss 0.195478 (0.135095)
2021-03-25 13:30:47,492:INFO: Epoch: [157][ 0/33]	Loss 0.410577 (0.410577)
2021-03-25 13:30:48,836:INFO: Epoch: [157][10/33]	Loss 0.159949 (0.188143)
2021-03-25 13:30:50,196:INFO: Epoch: [157][20/33]	Loss 0.140907 (0.160078)
2021-03-25 13:30:51,571:INFO: Epoch: [157][30/33]	Loss 0.170131 (0.143066)
2021-03-25 13:30:55,462:INFO: Epoch: [158][ 0/33]	Loss 0.390320 (0.390320)
2021-03-25 13:30:56,806:INFO: Epoch: [158][10/33]	Loss 0.139436 (0.169736)
2021-03-25 13:30:58,166:INFO: Epoch: [158][20/33]	Loss 0.117510 (0.135858)
2021-03-25 13:30:59,572:INFO: Epoch: [158][30/33]	Loss 0.146055 (0.121750)
2021-03-25 13:31:03,463:INFO: Epoch: [159][ 0/33]	Loss 0.337515 (0.337515)
2021-03-25 13:31:04,807:INFO: Epoch: [159][10/33]	Loss 0.119088 (0.147045)
2021-03-25 13:31:06,167:INFO: Epoch: [159][20/33]	Loss 0.110053 (0.123321)
2021-03-25 13:31:07,557:INFO: Epoch: [159][30/33]	Loss 0.144780 (0.112106)
2021-03-25 13:31:11,464:INFO: Epoch: [160][ 0/33]	Loss 0.341092 (0.341092)
2021-03-25 13:31:12,808:INFO: Epoch: [160][10/33]	Loss 0.103588 (0.136529)
2021-03-25 13:31:14,168:INFO: Epoch: [160][20/33]	Loss 0.095503 (0.113506)
2021-03-25 13:31:15,527:INFO: Epoch: [160][30/33]	Loss 0.127666 (0.103705)
2021-03-25 13:31:19,420:INFO: Epoch: [161][ 0/33]	Loss 0.330589 (0.330589)
2021-03-25 13:31:20,764:INFO: Epoch: [161][10/33]	Loss 0.094786 (0.131507)
2021-03-25 13:31:22,124:INFO: Epoch: [161][20/33]	Loss 0.093111 (0.106059)
2021-03-25 13:31:23,515:INFO: Epoch: [161][30/33]	Loss 0.122739 (0.097305)
2021-03-25 13:31:27,656:INFO: Epoch: [162][ 0/33]	Loss 0.306893 (0.306893)
2021-03-25 13:31:29,172:INFO: Epoch: [162][10/33]	Loss 0.089185 (0.120204)
2021-03-25 13:31:30,578:INFO: Epoch: [162][20/33]	Loss 0.083021 (0.098304)
2021-03-25 13:31:32,031:INFO: Epoch: [162][30/33]	Loss 0.108269 (0.089803)
2021-03-25 13:31:36,047:INFO: Epoch: [163][ 0/33]	Loss 0.286029 (0.286029)
2021-03-25 13:31:37,407:INFO: Epoch: [163][10/33]	Loss 0.089882 (0.110325)
2021-03-25 13:31:38,751:INFO: Epoch: [163][20/33]	Loss 0.081512 (0.092978)
2021-03-25 13:31:40,157:INFO: Epoch: [163][30/33]	Loss 0.111232 (0.085363)
2021-03-25 13:31:44,101:INFO: Epoch: [164][ 0/33]	Loss 0.274499 (0.274499)
2021-03-25 13:31:45,505:INFO: Epoch: [164][10/33]	Loss 0.080506 (0.106159)
2021-03-25 13:31:46,965:INFO: Epoch: [164][20/33]	Loss 0.076376 (0.088656)
2021-03-25 13:31:48,389:INFO: Epoch: [164][30/33]	Loss 0.100345 (0.081430)
2021-03-25 13:31:52,321:INFO: Epoch: [165][ 0/33]	Loss 0.265425 (0.265425)
2021-03-25 13:31:53,695:INFO: Epoch: [165][10/33]	Loss 0.074766 (0.102420)
2021-03-25 13:31:55,066:INFO: Epoch: [165][20/33]	Loss 0.073526 (0.085642)
2021-03-25 13:31:56,465:INFO: Epoch: [165][30/33]	Loss 0.103040 (0.079072)
2021-03-25 13:32:00,475:INFO: Epoch: [166][ 0/33]	Loss 0.262680 (0.262680)
2021-03-25 13:32:01,868:INFO: Epoch: [166][10/33]	Loss 0.089675 (0.104030)
2021-03-25 13:32:03,240:INFO: Epoch: [166][20/33]	Loss 0.071040 (0.083519)
2021-03-25 13:32:04,625:INFO: Epoch: [166][30/33]	Loss 0.086643 (0.076092)
2021-03-25 13:32:08,647:INFO: Epoch: [167][ 0/33]	Loss 0.247336 (0.247336)
2021-03-25 13:32:10,027:INFO: Epoch: [167][10/33]	Loss 0.077911 (0.096630)
2021-03-25 13:32:11,387:INFO: Epoch: [167][20/33]	Loss 0.063924 (0.076504)
2021-03-25 13:32:12,762:INFO: Epoch: [167][30/33]	Loss 0.084636 (0.070444)
2021-03-25 13:32:16,692:INFO: Epoch: [168][ 0/33]	Loss 0.232788 (0.232788)
2021-03-25 13:32:18,052:INFO: Epoch: [168][10/33]	Loss 0.071952 (0.090126)
2021-03-25 13:32:19,396:INFO: Epoch: [168][20/33]	Loss 0.064631 (0.073934)
2021-03-25 13:32:21,006:INFO: Epoch: [168][30/33]	Loss 0.082733 (0.068285)
2021-03-25 13:32:25,284:INFO: Epoch: [169][ 0/33]	Loss 0.232415 (0.232415)
2021-03-25 13:32:26,628:INFO: Epoch: [169][10/33]	Loss 0.060953 (0.084064)
2021-03-25 13:32:27,972:INFO: Epoch: [169][20/33]	Loss 0.060431 (0.070333)
2021-03-25 13:32:29,379:INFO: Epoch: [169][30/33]	Loss 0.083388 (0.065647)
2021-03-25 13:32:33,472:INFO: Epoch: [170][ 0/33]	Loss 0.207593 (0.207593)
2021-03-25 13:32:34,873:INFO: Epoch: [170][10/33]	Loss 0.061685 (0.080486)
2021-03-25 13:32:36,277:INFO: Epoch: [170][20/33]	Loss 0.057724 (0.065023)
2021-03-25 13:32:37,672:INFO: Epoch: [170][30/33]	Loss 0.080720 (0.061726)
2021-03-25 13:32:41,608:INFO: Epoch: [171][ 0/33]	Loss 0.218726 (0.218726)
2021-03-25 13:32:42,997:INFO: Epoch: [171][10/33]	Loss 0.076484 (0.091176)
2021-03-25 13:32:44,362:INFO: Epoch: [171][20/33]	Loss 0.064275 (0.072767)
2021-03-25 13:32:45,777:INFO: Epoch: [171][30/33]	Loss 0.079246 (0.066305)
2021-03-25 13:32:49,941:INFO: Epoch: [172][ 0/33]	Loss 0.211668 (0.211668)
2021-03-25 13:32:51,321:INFO: Epoch: [172][10/33]	Loss 0.061583 (0.082429)
2021-03-25 13:32:52,698:INFO: Epoch: [172][20/33]	Loss 0.057868 (0.066437)
2021-03-25 13:32:54,106:INFO: Epoch: [172][30/33]	Loss 0.074790 (0.061086)
2021-03-25 13:32:58,171:INFO: Epoch: [173][ 0/33]	Loss 0.196392 (0.196392)
2021-03-25 13:32:59,564:INFO: Epoch: [173][10/33]	Loss 0.059742 (0.073722)
2021-03-25 13:33:00,954:INFO: Epoch: [173][20/33]	Loss 0.054702 (0.061410)
2021-03-25 13:33:02,410:INFO: Epoch: [173][30/33]	Loss 0.068984 (0.057576)
2021-03-25 13:33:06,426:INFO: Epoch: [174][ 0/33]	Loss 0.193598 (0.193598)
2021-03-25 13:33:07,818:INFO: Epoch: [174][10/33]	Loss 0.062143 (0.072614)
2021-03-25 13:33:09,210:INFO: Epoch: [174][20/33]	Loss 0.054910 (0.060008)
2021-03-25 13:33:10,635:INFO: Epoch: [174][30/33]	Loss 0.066293 (0.055274)
2021-03-25 13:33:14,652:INFO: Epoch: [175][ 0/33]	Loss 0.178543 (0.178543)
2021-03-25 13:33:16,042:INFO: Epoch: [175][10/33]	Loss 0.051205 (0.068472)
2021-03-25 13:33:17,435:INFO: Epoch: [175][20/33]	Loss 0.049561 (0.055697)
2021-03-25 13:33:18,875:INFO: Epoch: [175][30/33]	Loss 0.068522 (0.052285)
2021-03-25 13:33:23,116:INFO: Epoch: [176][ 0/33]	Loss 0.179066 (0.179066)
2021-03-25 13:33:24,468:INFO: Epoch: [176][10/33]	Loss 0.050720 (0.065624)
2021-03-25 13:33:25,856:INFO: Epoch: [176][20/33]	Loss 0.047216 (0.053906)
2021-03-25 13:33:27,244:INFO: Epoch: [176][30/33]	Loss 0.061160 (0.049633)
2021-03-25 13:33:31,558:INFO: Epoch: [177][ 0/33]	Loss 0.165512 (0.165512)
2021-03-25 13:33:33,084:INFO: Epoch: [177][10/33]	Loss 0.051021 (0.063043)
2021-03-25 13:33:34,546:INFO: Epoch: [177][20/33]	Loss 0.047534 (0.051389)
2021-03-25 13:33:36,093:INFO: Epoch: [177][30/33]	Loss 0.060526 (0.047932)
2021-03-25 13:33:40,016:INFO: Epoch: [178][ 0/33]	Loss 0.160799 (0.160799)
2021-03-25 13:33:41,360:INFO: Epoch: [178][10/33]	Loss 0.046322 (0.058519)
2021-03-25 13:33:42,735:INFO: Epoch: [178][20/33]	Loss 0.047061 (0.049351)
2021-03-25 13:33:44,110:INFO: Epoch: [178][30/33]	Loss 0.060814 (0.045399)
2021-03-25 13:33:48,048:INFO: Epoch: [179][ 0/33]	Loss 0.159321 (0.159321)
2021-03-25 13:33:49,408:INFO: Epoch: [179][10/33]	Loss 0.047868 (0.057966)
2021-03-25 13:33:50,767:INFO: Epoch: [179][20/33]	Loss 0.043521 (0.047641)
2021-03-25 13:33:52,158:INFO: Epoch: [179][30/33]	Loss 0.058626 (0.044554)
2021-03-25 13:33:56,087:INFO: Epoch: [180][ 0/33]	Loss 0.154292 (0.154292)
2021-03-25 13:33:57,431:INFO: Epoch: [180][10/33]	Loss 0.043435 (0.056391)
2021-03-25 13:33:58,775:INFO: Epoch: [180][20/33]	Loss 0.039890 (0.045284)
2021-03-25 13:34:00,166:INFO: Epoch: [180][30/33]	Loss 0.051304 (0.041946)
2021-03-25 13:34:04,088:INFO: Epoch: [181][ 0/33]	Loss 0.154580 (0.154580)
2021-03-25 13:34:05,417:INFO: Epoch: [181][10/33]	Loss 0.041642 (0.053008)
2021-03-25 13:34:06,776:INFO: Epoch: [181][20/33]	Loss 0.037391 (0.043151)
2021-03-25 13:34:08,167:INFO: Epoch: [181][30/33]	Loss 0.052531 (0.040626)
2021-03-25 13:34:12,074:INFO: Epoch: [182][ 0/33]	Loss 0.149575 (0.149575)
2021-03-25 13:34:13,433:INFO: Epoch: [182][10/33]	Loss 0.039911 (0.052396)
2021-03-25 13:34:14,777:INFO: Epoch: [182][20/33]	Loss 0.036858 (0.042056)
2021-03-25 13:34:16,168:INFO: Epoch: [182][30/33]	Loss 0.050441 (0.039354)
2021-03-25 13:34:20,093:INFO: Epoch: [183][ 0/33]	Loss 0.150968 (0.150968)
2021-03-25 13:34:21,468:INFO: Epoch: [183][10/33]	Loss 0.037339 (0.050532)
2021-03-25 13:34:22,843:INFO: Epoch: [183][20/33]	Loss 0.035558 (0.040125)
2021-03-25 13:34:24,234:INFO: Epoch: [183][30/33]	Loss 0.046590 (0.037549)
2021-03-25 13:34:28,156:INFO: Epoch: [184][ 0/33]	Loss 0.143259 (0.143259)
2021-03-25 13:34:29,500:INFO: Epoch: [184][10/33]	Loss 0.038728 (0.047246)
2021-03-25 13:34:30,859:INFO: Epoch: [184][20/33]	Loss 0.034412 (0.037607)
2021-03-25 13:34:32,235:INFO: Epoch: [184][30/33]	Loss 0.048075 (0.035511)
2021-03-25 13:34:36,157:INFO: Epoch: [185][ 0/33]	Loss 0.130736 (0.130736)
2021-03-25 13:34:37,501:INFO: Epoch: [185][10/33]	Loss 0.031666 (0.045026)
2021-03-25 13:34:38,860:INFO: Epoch: [185][20/33]	Loss 0.032858 (0.036613)
2021-03-25 13:34:40,251:INFO: Epoch: [185][30/33]	Loss 0.041293 (0.034092)
2021-03-25 13:34:44,174:INFO: Epoch: [186][ 0/33]	Loss 0.127392 (0.127392)
2021-03-25 13:34:45,518:INFO: Epoch: [186][10/33]	Loss 0.033593 (0.043639)
2021-03-25 13:34:46,877:INFO: Epoch: [186][20/33]	Loss 0.032513 (0.035887)
2021-03-25 13:34:48,268:INFO: Epoch: [186][30/33]	Loss 0.045840 (0.033302)
2021-03-25 13:34:52,190:INFO: Epoch: [187][ 0/33]	Loss 0.123190 (0.123190)
2021-03-25 13:34:53,534:INFO: Epoch: [187][10/33]	Loss 0.036984 (0.043180)
2021-03-25 13:34:55,066:INFO: Epoch: [187][20/33]	Loss 0.030828 (0.033941)
2021-03-25 13:34:56,456:INFO: Epoch: [187][30/33]	Loss 0.039526 (0.031663)
2021-03-25 13:35:00,363:INFO: Epoch: [188][ 0/33]	Loss 0.113306 (0.113306)
2021-03-25 13:35:01,708:INFO: Epoch: [188][10/33]	Loss 0.033044 (0.040312)
2021-03-25 13:35:03,052:INFO: Epoch: [188][20/33]	Loss 0.029878 (0.032833)
2021-03-25 13:35:04,443:INFO: Epoch: [188][30/33]	Loss 0.040119 (0.030704)
2021-03-25 13:35:08,365:INFO: Epoch: [189][ 0/33]	Loss 0.111695 (0.111695)
2021-03-25 13:35:09,725:INFO: Epoch: [189][10/33]	Loss 0.031208 (0.038799)
2021-03-25 13:35:11,084:INFO: Epoch: [189][20/33]	Loss 0.028833 (0.031924)
2021-03-25 13:35:12,491:INFO: Epoch: [189][30/33]	Loss 0.037906 (0.029453)
2021-03-25 13:35:16,429:INFO: Epoch: [190][ 0/33]	Loss 0.119594 (0.119594)
2021-03-25 13:35:17,774:INFO: Epoch: [190][10/33]	Loss 0.027584 (0.037851)
2021-03-25 13:35:19,133:INFO: Epoch: [190][20/33]	Loss 0.028346 (0.030706)
2021-03-25 13:35:20,540:INFO: Epoch: [190][30/33]	Loss 0.036713 (0.028685)
2021-03-25 13:35:24,477:INFO: Epoch: [191][ 0/33]	Loss 0.109404 (0.109404)
2021-03-25 13:35:25,806:INFO: Epoch: [191][10/33]	Loss 0.026958 (0.036393)
2021-03-25 13:35:27,165:INFO: Epoch: [191][20/33]	Loss 0.028608 (0.030336)
2021-03-25 13:35:28,572:INFO: Epoch: [191][30/33]	Loss 0.038770 (0.028074)
2021-03-25 13:35:32,510:INFO: Epoch: [192][ 0/33]	Loss 0.104172 (0.104172)
2021-03-25 13:35:33,869:INFO: Epoch: [192][10/33]	Loss 0.026599 (0.035345)
2021-03-25 13:35:35,229:INFO: Epoch: [192][20/33]	Loss 0.026995 (0.028985)
2021-03-25 13:35:36,635:INFO: Epoch: [192][30/33]	Loss 0.033160 (0.027161)
2021-03-25 13:35:40,542:INFO: Epoch: [193][ 0/33]	Loss 0.107734 (0.107734)
2021-03-25 13:35:41,886:INFO: Epoch: [193][10/33]	Loss 0.026373 (0.034494)
2021-03-25 13:35:43,245:INFO: Epoch: [193][20/33]	Loss 0.024790 (0.028074)
2021-03-25 13:35:44,651:INFO: Epoch: [193][30/33]	Loss 0.033094 (0.026152)
2021-03-25 13:35:48,575:INFO: Epoch: [194][ 0/33]	Loss 0.099855 (0.099855)
2021-03-25 13:35:49,934:INFO: Epoch: [194][10/33]	Loss 0.022932 (0.032816)
2021-03-25 13:35:51,278:INFO: Epoch: [194][20/33]	Loss 0.025932 (0.027459)
2021-03-25 13:35:52,669:INFO: Epoch: [194][30/33]	Loss 0.032499 (0.025302)
2021-03-25 13:35:56,576:INFO: Epoch: [195][ 0/33]	Loss 0.097343 (0.097343)
2021-03-25 13:35:57,935:INFO: Epoch: [195][10/33]	Loss 0.023419 (0.031405)
2021-03-25 13:35:59,295:INFO: Epoch: [195][20/33]	Loss 0.021663 (0.024635)
2021-03-25 13:36:00,670:INFO: Epoch: [195][30/33]	Loss 0.030993 (0.023257)
2021-03-25 13:36:04,592:INFO: Epoch: [196][ 0/33]	Loss 0.089987 (0.089987)
2021-03-25 13:36:05,920:INFO: Epoch: [196][10/33]	Loss 0.023562 (0.029909)
2021-03-25 13:36:07,264:INFO: Epoch: [196][20/33]	Loss 0.021568 (0.023990)
2021-03-25 13:36:08,655:INFO: Epoch: [196][30/33]	Loss 0.027919 (0.022432)
2021-03-25 13:36:12,577:INFO: Epoch: [197][ 0/33]	Loss 0.091226 (0.091226)
2021-03-25 13:36:13,921:INFO: Epoch: [197][10/33]	Loss 0.023250 (0.029580)
2021-03-25 13:36:15,281:INFO: Epoch: [197][20/33]	Loss 0.020557 (0.023313)
2021-03-25 13:36:16,657:INFO: Epoch: [197][30/33]	Loss 0.025245 (0.021624)
2021-03-25 13:36:20,579:INFO: Epoch: [198][ 0/33]	Loss 0.091259 (0.091259)
2021-03-25 13:36:21,923:INFO: Epoch: [198][10/33]	Loss 0.019234 (0.028347)
2021-03-25 13:36:23,283:INFO: Epoch: [198][20/33]	Loss 0.019098 (0.022052)
2021-03-25 13:36:24,673:INFO: Epoch: [198][30/33]	Loss 0.027283 (0.020432)
2021-03-25 13:36:28,627:INFO: Epoch: [199][ 0/33]	Loss 0.086738 (0.086738)
2021-03-25 13:36:29,971:INFO: Epoch: [199][10/33]	Loss 0.018524 (0.026569)
2021-03-25 13:36:31,315:INFO: Epoch: [199][20/33]	Loss 0.018536 (0.021205)
2021-03-25 13:36:32,722:INFO: Epoch: [199][30/33]	Loss 0.027006 (0.019743)
2021-03-25 13:36:36,644:INFO: Epoch: [200][ 0/33]	Loss 0.083671 (0.083671)
2021-03-25 13:36:37,973:INFO: Epoch: [200][10/33]	Loss 0.019397 (0.026208)
2021-03-25 13:36:39,332:INFO: Epoch: [200][20/33]	Loss 0.017306 (0.020310)
2021-03-25 13:36:40,723:INFO: Epoch: [200][30/33]	Loss 0.024604 (0.018900)
2021-03-25 13:36:44,645:INFO: Epoch: [201][ 0/33]	Loss 0.078568 (0.078568)
2021-03-25 13:36:45,989:INFO: Epoch: [201][10/33]	Loss 0.019441 (0.025080)
2021-03-25 13:36:47,349:INFO: Epoch: [201][20/33]	Loss 0.017166 (0.019677)
2021-03-25 13:36:48,724:INFO: Epoch: [201][30/33]	Loss 0.024307 (0.018490)
2021-03-25 13:36:52,662:INFO: Epoch: [202][ 0/33]	Loss 0.072812 (0.072812)
2021-03-25 13:36:54,006:INFO: Epoch: [202][10/33]	Loss 0.018029 (0.024285)
2021-03-25 13:36:55,365:INFO: Epoch: [202][20/33]	Loss 0.016523 (0.018943)
2021-03-25 13:36:56,772:INFO: Epoch: [202][30/33]	Loss 0.021483 (0.017738)
2021-03-25 13:37:00,694:INFO: Epoch: [203][ 0/33]	Loss 0.074059 (0.074059)
2021-03-25 13:37:02,038:INFO: Epoch: [203][10/33]	Loss 0.016843 (0.023207)
2021-03-25 13:37:03,397:INFO: Epoch: [203][20/33]	Loss 0.014650 (0.017997)
2021-03-25 13:37:04,788:INFO: Epoch: [203][30/33]	Loss 0.020000 (0.016790)
2021-03-25 13:37:08,695:INFO: Epoch: [204][ 0/33]	Loss 0.075353 (0.075353)
2021-03-25 13:37:10,054:INFO: Epoch: [204][10/33]	Loss 0.018770 (0.022927)
2021-03-25 13:37:11,398:INFO: Epoch: [204][20/33]	Loss 0.015008 (0.017421)
2021-03-25 13:37:12,773:INFO: Epoch: [204][30/33]	Loss 0.019757 (0.016378)
2021-03-25 13:37:16,713:INFO: Epoch: [205][ 0/33]	Loss 0.071986 (0.071986)
2021-03-25 13:37:18,057:INFO: Epoch: [205][10/33]	Loss 0.016472 (0.022262)
2021-03-25 13:37:19,401:INFO: Epoch: [205][20/33]	Loss 0.014343 (0.016934)
2021-03-25 13:37:20,792:INFO: Epoch: [205][30/33]	Loss 0.021100 (0.015821)
2021-03-25 13:37:24,714:INFO: Epoch: [206][ 0/33]	Loss 0.069035 (0.069035)
2021-03-25 13:37:26,074:INFO: Epoch: [206][10/33]	Loss 0.014431 (0.021383)
2021-03-25 13:37:27,418:INFO: Epoch: [206][20/33]	Loss 0.014202 (0.016692)
2021-03-25 13:37:28,824:INFO: Epoch: [206][30/33]	Loss 0.019343 (0.015573)
2021-03-25 13:37:32,746:INFO: Epoch: [207][ 0/33]	Loss 0.064008 (0.064008)
2021-03-25 13:37:34,090:INFO: Epoch: [207][10/33]	Loss 0.015896 (0.020559)
2021-03-25 13:37:35,450:INFO: Epoch: [207][20/33]	Loss 0.012934 (0.016195)
2021-03-25 13:37:36,856:INFO: Epoch: [207][30/33]	Loss 0.019666 (0.015123)
2021-03-25 13:37:40,981:INFO: Epoch: [208][ 0/33]	Loss 0.064107 (0.064107)
2021-03-25 13:37:42,357:INFO: Epoch: [208][10/33]	Loss 0.014950 (0.019815)
2021-03-25 13:37:43,747:INFO: Epoch: [208][20/33]	Loss 0.013366 (0.015769)
2021-03-25 13:37:45,154:INFO: Epoch: [208][30/33]	Loss 0.017388 (0.014995)
2021-03-25 13:37:49,639:INFO: Epoch: [209][ 0/33]	Loss 0.061186 (0.061186)
2021-03-25 13:37:50,998:INFO: Epoch: [209][10/33]	Loss 0.014306 (0.019739)
2021-03-25 13:37:52,373:INFO: Epoch: [209][20/33]	Loss 0.011563 (0.015047)
2021-03-25 13:37:53,780:INFO: Epoch: [209][30/33]	Loss 0.017018 (0.014162)
2021-03-25 13:37:57,843:INFO: Epoch: [210][ 0/33]	Loss 0.062525 (0.062525)
2021-03-25 13:37:59,202:INFO: Epoch: [210][10/33]	Loss 0.014436 (0.019505)
2021-03-25 13:38:00,577:INFO: Epoch: [210][20/33]	Loss 0.012076 (0.015101)
2021-03-25 13:38:01,985:INFO: Epoch: [210][30/33]	Loss 0.017664 (0.014243)
2021-03-25 13:38:06,110:INFO: Epoch: [211][ 0/33]	Loss 0.057939 (0.057939)
2021-03-25 13:38:07,485:INFO: Epoch: [211][10/33]	Loss 0.014196 (0.018908)
2021-03-25 13:38:08,860:INFO: Epoch: [211][20/33]	Loss 0.011953 (0.014655)
2021-03-25 13:38:10,282:INFO: Epoch: [211][30/33]	Loss 0.017845 (0.013885)
2021-03-25 13:38:14,267:INFO: Epoch: [212][ 0/33]	Loss 0.054594 (0.054594)
2021-03-25 13:38:15,627:INFO: Epoch: [212][10/33]	Loss 0.013131 (0.018362)
2021-03-25 13:38:16,987:INFO: Epoch: [212][20/33]	Loss 0.011078 (0.013918)
2021-03-25 13:38:18,394:INFO: Epoch: [212][30/33]	Loss 0.016241 (0.013018)
2021-03-25 13:38:22,379:INFO: Epoch: [213][ 0/33]	Loss 0.060417 (0.060417)
2021-03-25 13:38:23,738:INFO: Epoch: [213][10/33]	Loss 0.014286 (0.018481)
2021-03-25 13:38:25,113:INFO: Epoch: [213][20/33]	Loss 0.011186 (0.014082)
2021-03-25 13:38:26,520:INFO: Epoch: [213][30/33]	Loss 0.017073 (0.013332)
2021-03-25 13:38:30,504:INFO: Epoch: [214][ 0/33]	Loss 0.053708 (0.053708)
2021-03-25 13:38:31,864:INFO: Epoch: [214][10/33]	Loss 0.016892 (0.019292)
2021-03-25 13:38:33,239:INFO: Epoch: [214][20/33]	Loss 0.013387 (0.016404)
2021-03-25 13:38:34,645:INFO: Epoch: [214][30/33]	Loss 0.014933 (0.014573)
2021-03-25 13:38:38,740:INFO: Epoch: [215][ 0/33]	Loss 0.049212 (0.049212)
2021-03-25 13:38:40,099:INFO: Epoch: [215][10/33]	Loss 0.012590 (0.017684)
2021-03-25 13:38:41,474:INFO: Epoch: [215][20/33]	Loss 0.010644 (0.013117)
2021-03-25 13:38:42,881:INFO: Epoch: [215][30/33]	Loss 0.014446 (0.012227)
2021-03-25 13:38:46,960:INFO: Epoch: [216][ 0/33]	Loss 0.050365 (0.050365)
2021-03-25 13:38:48,320:INFO: Epoch: [216][10/33]	Loss 0.013052 (0.016327)
2021-03-25 13:38:49,679:INFO: Epoch: [216][20/33]	Loss 0.009863 (0.011971)
2021-03-25 13:38:51,086:INFO: Epoch: [216][30/33]	Loss 0.014751 (0.011345)
2021-03-25 13:38:55,133:INFO: Epoch: [217][ 0/33]	Loss 0.050886 (0.050886)
2021-03-25 13:38:56,493:INFO: Epoch: [217][10/33]	Loss 0.011752 (0.015954)
2021-03-25 13:38:57,852:INFO: Epoch: [217][20/33]	Loss 0.011656 (0.012787)
2021-03-25 13:38:59,258:INFO: Epoch: [217][30/33]	Loss 0.015661 (0.012304)
2021-03-25 13:39:03,306:INFO: Epoch: [218][ 0/33]	Loss 0.054069 (0.054069)
2021-03-25 13:39:04,665:INFO: Epoch: [218][10/33]	Loss 0.011792 (0.017146)
2021-03-25 13:39:06,025:INFO: Epoch: [218][20/33]	Loss 0.010413 (0.012409)
2021-03-25 13:39:07,400:INFO: Epoch: [218][30/33]	Loss 0.012568 (0.011446)
2021-03-25 13:39:11,400:INFO: Epoch: [219][ 0/33]	Loss 0.054355 (0.054355)
2021-03-25 13:39:12,744:INFO: Epoch: [219][10/33]	Loss 0.009543 (0.015887)
2021-03-25 13:39:14,119:INFO: Epoch: [219][20/33]	Loss 0.009927 (0.011710)
2021-03-25 13:39:15,541:INFO: Epoch: [219][30/33]	Loss 0.013614 (0.010834)
2021-03-25 13:39:19,512:INFO: Epoch: [220][ 0/33]	Loss 0.047389 (0.047389)
2021-03-25 13:39:20,856:INFO: Epoch: [220][10/33]	Loss 0.010851 (0.015181)
2021-03-25 13:39:22,231:INFO: Epoch: [220][20/33]	Loss 0.009696 (0.011263)
2021-03-25 13:39:23,668:INFO: Epoch: [220][30/33]	Loss 0.011120 (0.010433)
2021-03-25 13:39:27,653:INFO: Epoch: [221][ 0/33]	Loss 0.046336 (0.046336)
2021-03-25 13:39:29,013:INFO: Epoch: [221][10/33]	Loss 0.009915 (0.014657)
2021-03-25 13:39:30,388:INFO: Epoch: [221][20/33]	Loss 0.009353 (0.010766)
2021-03-25 13:39:31,811:INFO: Epoch: [221][30/33]	Loss 0.012611 (0.010507)
2021-03-25 13:39:35,796:INFO: Epoch: [222][ 0/33]	Loss 0.046783 (0.046783)
2021-03-25 13:39:37,140:INFO: Epoch: [222][10/33]	Loss 0.011111 (0.014842)
2021-03-25 13:39:38,515:INFO: Epoch: [222][20/33]	Loss 0.009199 (0.010730)
2021-03-25 13:39:39,921:INFO: Epoch: [222][30/33]	Loss 0.010899 (0.009896)
2021-03-25 13:39:43,890:INFO: Epoch: [223][ 0/33]	Loss 0.044146 (0.044146)
2021-03-25 13:39:45,265:INFO: Epoch: [223][10/33]	Loss 0.009674 (0.013423)
2021-03-25 13:39:46,641:INFO: Epoch: [223][20/33]	Loss 0.008137 (0.009781)
2021-03-25 13:39:48,047:INFO: Epoch: [223][30/33]	Loss 0.010244 (0.009019)
2021-03-25 13:39:52,016:INFO: Epoch: [224][ 0/33]	Loss 0.042131 (0.042131)
2021-03-25 13:39:53,360:INFO: Epoch: [224][10/33]	Loss 0.008947 (0.012623)
2021-03-25 13:39:54,735:INFO: Epoch: [224][20/33]	Loss 0.007648 (0.009352)
2021-03-25 13:39:56,157:INFO: Epoch: [224][30/33]	Loss 0.009403 (0.008565)
2021-03-25 13:40:00,142:INFO: Epoch: [225][ 0/33]	Loss 0.041136 (0.041136)
2021-03-25 13:40:01,517:INFO: Epoch: [225][10/33]	Loss 0.008291 (0.011910)
2021-03-25 13:40:02,924:INFO: Epoch: [225][20/33]	Loss 0.007676 (0.008848)
2021-03-25 13:40:04,330:INFO: Epoch: [225][30/33]	Loss 0.008838 (0.008194)
2021-03-25 13:40:08,299:INFO: Epoch: [226][ 0/33]	Loss 0.037437 (0.037437)
2021-03-25 13:40:09,659:INFO: Epoch: [226][10/33]	Loss 0.007380 (0.011336)
2021-03-25 13:40:11,018:INFO: Epoch: [226][20/33]	Loss 0.007045 (0.008464)
2021-03-25 13:40:12,409:INFO: Epoch: [226][30/33]	Loss 0.008872 (0.007839)
2021-03-25 13:40:16,630:INFO: Epoch: [227][ 0/33]	Loss 0.036358 (0.036358)
2021-03-25 13:40:17,990:INFO: Epoch: [227][10/33]	Loss 0.007398 (0.010668)
2021-03-25 13:40:19,365:INFO: Epoch: [227][20/33]	Loss 0.006948 (0.007992)
2021-03-25 13:40:20,756:INFO: Epoch: [227][30/33]	Loss 0.009373 (0.007555)
2021-03-25 13:40:24,756:INFO: Epoch: [228][ 0/33]	Loss 0.035495 (0.035495)
2021-03-25 13:40:26,100:INFO: Epoch: [228][10/33]	Loss 0.007405 (0.010366)
2021-03-25 13:40:27,491:INFO: Epoch: [228][20/33]	Loss 0.006148 (0.007660)
2021-03-25 13:40:28,881:INFO: Epoch: [228][30/33]	Loss 0.007409 (0.007102)
2021-03-25 13:40:32,866:INFO: Epoch: [229][ 0/33]	Loss 0.035874 (0.035874)
2021-03-25 13:40:34,241:INFO: Epoch: [229][10/33]	Loss 0.006890 (0.010194)
2021-03-25 13:40:35,601:INFO: Epoch: [229][20/33]	Loss 0.006213 (0.007454)
2021-03-25 13:40:36,992:INFO: Epoch: [229][30/33]	Loss 0.007241 (0.007007)
2021-03-25 13:40:40,961:INFO: Epoch: [230][ 0/33]	Loss 0.036336 (0.036336)
2021-03-25 13:40:42,336:INFO: Epoch: [230][10/33]	Loss 0.005781 (0.009518)
2021-03-25 13:40:43,696:INFO: Epoch: [230][20/33]	Loss 0.006045 (0.007214)
2021-03-25 13:40:45,102:INFO: Epoch: [230][30/33]	Loss 0.007185 (0.006755)
2021-03-25 13:40:49,102:INFO: Epoch: [231][ 0/33]	Loss 0.033560 (0.033560)
2021-03-25 13:40:50,462:INFO: Epoch: [231][10/33]	Loss 0.006105 (0.009021)
2021-03-25 13:40:51,821:INFO: Epoch: [231][20/33]	Loss 0.005814 (0.006826)
2021-03-25 13:40:53,228:INFO: Epoch: [231][30/33]	Loss 0.006971 (0.006439)
2021-03-25 13:40:57,369:INFO: Epoch: [232][ 0/33]	Loss 0.032319 (0.032319)
2021-03-25 13:40:58,728:INFO: Epoch: [232][10/33]	Loss 0.007045 (0.009294)
2021-03-25 13:41:00,072:INFO: Epoch: [232][20/33]	Loss 0.005709 (0.007168)
2021-03-25 13:41:01,479:INFO: Epoch: [232][30/33]	Loss 0.007227 (0.006668)
2021-03-25 13:41:05,465:INFO: Epoch: [233][ 0/33]	Loss 0.031968 (0.031968)
2021-03-25 13:41:06,808:INFO: Epoch: [233][10/33]	Loss 0.006426 (0.009108)
2021-03-25 13:41:08,184:INFO: Epoch: [233][20/33]	Loss 0.005996 (0.006831)
2021-03-25 13:41:09,590:INFO: Epoch: [233][30/33]	Loss 0.006647 (0.006460)
2021-03-25 13:41:13,559:INFO: Epoch: [234][ 0/33]	Loss 0.029952 (0.029952)
2021-03-25 13:41:14,919:INFO: Epoch: [234][10/33]	Loss 0.006000 (0.008366)
2021-03-25 13:41:16,309:INFO: Epoch: [234][20/33]	Loss 0.005548 (0.006455)
2021-03-25 13:41:17,701:INFO: Epoch: [234][30/33]	Loss 0.006972 (0.006205)
2021-03-25 13:41:21,795:INFO: Epoch: [235][ 0/33]	Loss 0.029157 (0.029157)
2021-03-25 13:41:23,139:INFO: Epoch: [235][10/33]	Loss 0.006089 (0.008235)
2021-03-25 13:41:24,499:INFO: Epoch: [235][20/33]	Loss 0.005247 (0.006288)
2021-03-25 13:41:25,890:INFO: Epoch: [235][30/33]	Loss 0.005811 (0.005970)
